2021-02-05 12:51:30,947 -  nornir.core -     INFO -        run() - Running task 'prepare_config' with args {} on 8 hosts
2021-02-05 12:52:58,655 -  nornir.core -     INFO -        run() - Running task 'prepare_config' with args {} on 8 hosts
2021-02-05 14:12:25,749 -  nornir.core -     INFO -        run() - Running task 'prepare_config' with args {} on 8 hosts
2021-02-05 14:12:47,758 -  nornir.core -     INFO -        run() - Running task 'prepare_config' with args {} on 8 hosts
2021-02-05 14:15:40,317 -  nornir.core -     INFO -        run() - Running task 'prepare_config' with args {} on 8 hosts
2021-02-05 16:24:16,317 -  nornir.core -     INFO -        run() - Running task 'prepare_config' with args {} on 8 hosts
2021-02-05 16:30:17,293 -  nornir.core -     INFO -        run() - Running task 'prepare_config' with args {} on 8 hosts
2021-02-06 00:22:39,821 -  nornir.core -     INFO -        run() - Running task 'prepare_config' with args {} on 8 hosts
2021-02-06 00:24:37,334 -  nornir.core -     INFO -        run() - Running task 'prepare_config' with args {} on 8 hosts
2021-02-06 00:29:01,366 -  nornir.core -     INFO -        run() - Running task 'prepare_config' with args {} on 8 hosts
2021-02-06 01:07:04,462 -  nornir.core -     INFO -        run() - Running task 'prepare_config' with args {'template_path': './Template'} on 8 hosts
2021-02-06 01:07:48,085 -  nornir.core -     INFO -        run() - Running task 'prepare_config' with args {'template_path': './Template'} on 8 hosts
2021-02-06 01:22:28,306 -  nornir.core -     INFO -        run() - Running task 'prepare_config' with args {'template_path': './Template', 'arg1': {'leaf11': [{'interface': 'eth0', 'vlan': None, 'vrf': 'mgmt', 'ip_address': '169.254.255.62/24', 'ip_gateway': '169.254.255.1', 'enabled': 'True'}, {'interface': 'swp1', 'vlan': None, 'vrf': None, 'ip_address': 'fc00:10:0:0::1/64', 'ip_gateway': None, 'enabled': 'True'}, {'interface': 'swp2', 'vlan': None, 'vrf': None, 'ip_address': 'fc00:10:0:1::1/64', 'ip_gateway': None, 'enabled': 'True'}], 'leaf12': [{'interface': 'eth0', 'vlan': None, 'vrf': 'mgmt', 'ip_address': '169.254.255.162/24', 'ip_gateway': '169.254.255.1', 'enabled': 'True'}, {'interface': 'swp1', 'vlan': None, 'vrf': None, 'ip_address': 'fc00:10:0:2::1/64', 'ip_gateway': None, 'enabled': 'True'}, {'interface': 'swp2', 'vlan': None, 'vrf': None, 'ip_address': 'fc00:10:0:3::1/64', 'ip_gateway': None, 'enabled': 'True'}], 'leaf13': [{'interface': 'Management1', 'vlan': None, 'vrf': 'mgmt', 'ip_address': '169.254.255.64/24', 'ip_gateway': '169.254.255.1', 'enabled': 'True'}, {'interface': 'Ethernet1', 'vlan': None, 'vrf': None, 'ip_address': 'fc00:10:0:4::1/64', 'ip_gateway': None, 'enabled': 'True'}, {'interface': 'Ethernet2', 'vlan': None, 'vrf': None, 'ip_address': 'fc00:10:0:5::1/64', 'ip_gateway': None, 'enabled': 'True'}], 'leaf14': [{'interface': 'Management1', 'vlan': None, 'vrf': 'mgmt', 'ip_address': '169.254.255.164/24', 'ip_gateway': '169.254.255.1', 'enabled': 'True'}, {'interface': 'Ethernet1', 'vlan': None, 'vrf': None, 'ip_address': 'fc00:10:0:6::1/64', 'ip_gateway': None, 'enabled': 'True'}, {'interface': 'Ethernet2', 'vlan': None, 'vrf': None, 'ip_address': 'fc00:10:0:7::1/64', 'ip_gateway': None, 'enabled': 'True'}], 'spine1': [{'interface': 'Management1', 'vlan': None, 'vrf': 'mgmt', 'ip_address': '169.254.255.165/24', 'ip_gateway': '169.254.255.1', 'enabled': 'True'}, {'interface': 'swp1', 'vlan': None, 'vrf': None, 'ip_address': 'fc00:10:0:0::2/64', 'ip_gateway': None, 'enabled': 'True'}, {'interface': 'swp2', 'vlan': None, 'vrf': None, 'ip_address': 'fc00:10:0:2::2/64', 'ip_gateway': None, 'enabled': 'True'}, {'interface': 'swp3', 'vlan': None, 'vrf': None, 'ip_address': 'fc00:10:0:4::2/64', 'ip_gateway': None, 'enabled': 'True'}, {'interface': 'swp4', 'vlan': None, 'vrf': None, 'ip_address': 'fc00:10:0:6::2/64', 'ip_gateway': None, 'enabled': 'True'}, {'interface': 'swp5', 'vlan': None, 'vrf': None, 'ip_address': 'fc00:10:0:8::2/64', 'ip_gateway': None, 'enabled': 'True'}, {'interface': 'swp6', 'vlan': None, 'vrf': None, 'ip_address': 'fc00:10:0:10::2/64', 'ip_gateway': None, 'enabled': 'True'}], 'spine2': [{'interface': 'Management1', 'vlan': None, 'vrf': 'mgmt', 'ip_address': '169.254.255.166/24', 'ip_gateway': '169.254.255.1', 'enabled': 'True'}, {'interface': 'swp1', 'vlan': None, 'vrf': None, 'ip_address': 'fc00:10:0:1::2/64', 'ip_gateway': None, 'enabled': 'True'}, {'interface': 'swp2', 'vlan': None, 'vrf': None, 'ip_address': 'fc00:10:0:3::2/64', 'ip_gateway': None, 'enabled': 'True'}, {'interface': 'swp3', 'vlan': None, 'vrf': None, 'ip_address': 'fc00:10:0:5::2/64', 'ip_gateway': None, 'enabled': 'True'}, {'interface': 'swp4', 'vlan': None, 'vrf': None, 'ip_address': 'fc00:10:0:7::2/64', 'ip_gateway': None, 'enabled': 'True'}, {'interface': 'swp5', 'vlan': None, 'vrf': None, 'ip_address': 'fc00:10:0:9::2/64', 'ip_gateway': None, 'enabled': 'True'}, {'interface': 'swp6', 'vlan': None, 'vrf': None, 'ip_address': 'fc00:10:0:11::2/64', 'ip_gateway': None, 'enabled': 'True'}], 'border1': [{'interface': 'Management1', 'vlan': None, 'vrf': 'mgmt', 'ip_address': '169.254.255.167/24', 'ip_gateway': '169.254.255.1', 'enabled': 'True'}, {'interface': 'swp1', 'vlan': None, 'vrf': None, 'ip_address': 'fc00:10:0:8::1/64', 'ip_gateway': None, 'enabled': 'True'}, {'interface': 'swp2', 'vlan': None, 'vrf': None, 'ip_address': 'fc00:10:0:9::1/64', 'ip_gateway': None, 'enabled': 'True'}], 'border2': [{'interface': 'Management1', 'vlan': None, 'vrf': 'mgmt', 'ip_address': '169.254.255.168/24', 'ip_gateway': '169.254.255.1', 'enabled': 'True'}, {'interface': 'swp1', 'vlan': None, 'vrf': None, 'ip_address': 'fc00:10:0:10::1/64', 'ip_gateway': None, 'enabled': 'True'}, {'interface': 'swp2', 'vlan': None, 'vrf': None, 'ip_address': 'fc00:10:0:11::1/64', 'ip_gateway': None, 'enabled': 'True'}]}} on 8 hosts
2021-02-06 01:22:28,355 - nornir.core.task -    ERROR -      start() - Host 'leaf13': task 'prepare_config' failed with traceback:
Traceback (most recent call last):
  File "/home/saby/tcpip/nornir/Nornir_class/venv/lib/python3.8/site-packages/nornir/core/task.py", line 98, in start
    r = self.task(self, **self.params)
  File "main.py", line 21, in prepare_config
    active_template = jinja2.Template(f.read())
  File "/home/saby/tcpip/nornir/Nornir_class/venv/lib/python3.8/site-packages/jinja2/environment.py", line 1031, in __new__
    return env.from_string(source, template_class=cls)
  File "/home/saby/tcpip/nornir/Nornir_class/venv/lib/python3.8/site-packages/jinja2/environment.py", line 941, in from_string
    return cls.from_code(self, self.compile(source), globals, None)
  File "/home/saby/tcpip/nornir/Nornir_class/venv/lib/python3.8/site-packages/jinja2/environment.py", line 638, in compile
    self.handle_exception(source=source_hint)
  File "/home/saby/tcpip/nornir/Nornir_class/venv/lib/python3.8/site-packages/jinja2/environment.py", line 832, in handle_exception
    reraise(*rewrite_traceback_stack(source=source))
  File "/home/saby/tcpip/nornir/Nornir_class/venv/lib/python3.8/site-packages/jinja2/_compat.py", line 28, in reraise
    raise value.with_traceback(tb)
  File "<unknown>", line 16, in template
jinja2.exceptions.TemplateSyntaxError: Encountered unknown tag 'iface'. Jinja was looking for the following tags: 'elif' or 'else' or 'endif'. The innermost block that needs to be closed is 'if'.

2021-02-06 01:22:28,359 - nornir.core.task -    ERROR -      start() - Host 'leaf14': task 'prepare_config' failed with traceback:
Traceback (most recent call last):
  File "/home/saby/tcpip/nornir/Nornir_class/venv/lib/python3.8/site-packages/nornir/core/task.py", line 98, in start
    r = self.task(self, **self.params)
  File "main.py", line 21, in prepare_config
    active_template = jinja2.Template(f.read())
  File "/home/saby/tcpip/nornir/Nornir_class/venv/lib/python3.8/site-packages/jinja2/environment.py", line 1031, in __new__
    return env.from_string(source, template_class=cls)
  File "/home/saby/tcpip/nornir/Nornir_class/venv/lib/python3.8/site-packages/jinja2/environment.py", line 941, in from_string
    return cls.from_code(self, self.compile(source), globals, None)
  File "/home/saby/tcpip/nornir/Nornir_class/venv/lib/python3.8/site-packages/jinja2/environment.py", line 638, in compile
    self.handle_exception(source=source_hint)
  File "/home/saby/tcpip/nornir/Nornir_class/venv/lib/python3.8/site-packages/jinja2/environment.py", line 832, in handle_exception
    reraise(*rewrite_traceback_stack(source=source))
  File "/home/saby/tcpip/nornir/Nornir_class/venv/lib/python3.8/site-packages/jinja2/_compat.py", line 28, in reraise
    raise value.with_traceback(tb)
  File "<unknown>", line 16, in template
jinja2.exceptions.TemplateSyntaxError: Encountered unknown tag 'iface'. Jinja was looking for the following tags: 'elif' or 'else' or 'endif'. The innermost block that needs to be closed is 'if'.

2021-02-06 01:22:28,364 - nornir.core.task -    ERROR -      start() - Host 'leaf12': task 'prepare_config' failed with traceback:
Traceback (most recent call last):
  File "/home/saby/tcpip/nornir/Nornir_class/venv/lib/python3.8/site-packages/nornir/core/task.py", line 98, in start
    r = self.task(self, **self.params)
  File "main.py", line 23, in prepare_config
    result = active_template.render(interface=agr1[task.host.name])
NameError: name 'agr1' is not defined

2021-02-06 01:22:28,380 - nornir.core.task -    ERROR -      start() - Host 'spine2': task 'prepare_config' failed with traceback:
Traceback (most recent call last):
  File "/home/saby/tcpip/nornir/Nornir_class/venv/lib/python3.8/site-packages/nornir/core/task.py", line 98, in start
    r = self.task(self, **self.params)
  File "main.py", line 23, in prepare_config
    result = active_template.render(interface=agr1[task.host.name])
NameError: name 'agr1' is not defined

2021-02-06 01:22:28,392 - nornir.core.task -    ERROR -      start() - Host 'border1': task 'prepare_config' failed with traceback:
Traceback (most recent call last):
  File "/home/saby/tcpip/nornir/Nornir_class/venv/lib/python3.8/site-packages/nornir/core/task.py", line 98, in start
    r = self.task(self, **self.params)
  File "main.py", line 23, in prepare_config
    result = active_template.render(interface=agr1[task.host.name])
NameError: name 'agr1' is not defined

2021-02-06 01:22:28,405 - nornir.core.task -    ERROR -      start() - Host 'leaf11': task 'prepare_config' failed with traceback:
Traceback (most recent call last):
  File "/home/saby/tcpip/nornir/Nornir_class/venv/lib/python3.8/site-packages/nornir/core/task.py", line 98, in start
    r = self.task(self, **self.params)
  File "main.py", line 23, in prepare_config
    result = active_template.render(interface=agr1[task.host.name])
NameError: name 'agr1' is not defined

2021-02-06 01:22:28,412 - nornir.core.task -    ERROR -      start() - Host 'border2': task 'prepare_config' failed with traceback:
Traceback (most recent call last):
  File "/home/saby/tcpip/nornir/Nornir_class/venv/lib/python3.8/site-packages/nornir/core/task.py", line 98, in start
    r = self.task(self, **self.params)
  File "main.py", line 23, in prepare_config
    result = active_template.render(interface=agr1[task.host.name])
NameError: name 'agr1' is not defined

2021-02-06 01:22:28,413 - nornir.core.task -    ERROR -      start() - Host 'spine1': task 'prepare_config' failed with traceback:
Traceback (most recent call last):
  File "/home/saby/tcpip/nornir/Nornir_class/venv/lib/python3.8/site-packages/nornir/core/task.py", line 98, in start
    r = self.task(self, **self.params)
  File "main.py", line 23, in prepare_config
    result = active_template.render(interface=agr1[task.host.name])
NameError: name 'agr1' is not defined

2021-02-06 02:00:39,672 -  nornir.core -     INFO -        run() - Running task 'prepare_config' with args {'template_path': './Template', 'arg1': {'leaf11': [{'interface': 'eth0', 'vlan': None, 'vrf': 'mgmt', 'ip_address': '169.254.255.62/24', 'ip_gateway': '169.254.255.1', 'enabled': 'True'}, {'interface': 'swp1', 'vlan': None, 'vrf': None, 'ip_address': 'fc00:10:0:0::1/64', 'ip_gateway': None, 'enabled': 'True'}, {'interface': 'swp2', 'vlan': None, 'vrf': None, 'ip_address': 'fc00:10:0:1::1/64', 'ip_gateway': None, 'enabled': 'True'}], 'leaf12': [{'interface': 'eth0', 'vlan': None, 'vrf': 'mgmt', 'ip_address': '169.254.255.162/24', 'ip_gateway': '169.254.255.1', 'enabled': 'True'}, {'interface': 'swp1', 'vlan': None, 'vrf': None, 'ip_address': 'fc00:10:0:2::1/64', 'ip_gateway': None, 'enabled': 'True'}, {'interface': 'swp2', 'vlan': None, 'vrf': None, 'ip_address': 'fc00:10:0:3::1/64', 'ip_gateway': None, 'enabled': 'True'}], 'leaf13': [{'interface': 'Management1', 'vlan': None, 'vrf': 'mgmt', 'ip_address': '169.254.255.64/24', 'ip_gateway': '169.254.255.1', 'enabled': 'True'}, {'interface': 'Ethernet1', 'vlan': None, 'vrf': None, 'ip_address': 'fc00:10:0:4::1/64', 'ip_gateway': None, 'enabled': 'True'}, {'interface': 'Ethernet2', 'vlan': None, 'vrf': None, 'ip_address': 'fc00:10:0:5::1/64', 'ip_gateway': None, 'enabled': 'True'}], 'leaf14': [{'interface': 'Management1', 'vlan': None, 'vrf': 'mgmt', 'ip_address': '169.254.255.164/24', 'ip_gateway': '169.254.255.1', 'enabled': 'True'}, {'interface': 'Ethernet1', 'vlan': None, 'vrf': None, 'ip_address': 'fc00:10:0:6::1/64', 'ip_gateway': None, 'enabled': 'True'}, {'interface': 'Ethernet2', 'vlan': None, 'vrf': None, 'ip_address': 'fc00:10:0:7::1/64', 'ip_gateway': None, 'enabled': 'True'}], 'spine1': [{'interface': 'Management1', 'vlan': None, 'vrf': 'mgmt', 'ip_address': '169.254.255.165/24', 'ip_gateway': '169.254.255.1', 'enabled': 'True'}, {'interface': 'swp1', 'vlan': None, 'vrf': None, 'ip_address': 'fc00:10:0:0::2/64', 'ip_gateway': None, 'enabled': 'True'}, {'interface': 'swp2', 'vlan': None, 'vrf': None, 'ip_address': 'fc00:10:0:2::2/64', 'ip_gateway': None, 'enabled': 'True'}, {'interface': 'swp3', 'vlan': None, 'vrf': None, 'ip_address': 'fc00:10:0:4::2/64', 'ip_gateway': None, 'enabled': 'True'}, {'interface': 'swp4', 'vlan': None, 'vrf': None, 'ip_address': 'fc00:10:0:6::2/64', 'ip_gateway': None, 'enabled': 'True'}, {'interface': 'swp5', 'vlan': None, 'vrf': None, 'ip_address': 'fc00:10:0:8::2/64', 'ip_gateway': None, 'enabled': 'True'}, {'interface': 'swp6', 'vlan': None, 'vrf': None, 'ip_address': 'fc00:10:0:10::2/64', 'ip_gateway': None, 'enabled': 'True'}], 'spine2': [{'interface': 'Management1', 'vlan': None, 'vrf': 'mgmt', 'ip_address': '169.254.255.166/24', 'ip_gateway': '169.254.255.1', 'enabled': 'True'}, {'interface': 'swp1', 'vlan': None, 'vrf': None, 'ip_address': 'fc00:10:0:1::2/64', 'ip_gateway': None, 'enabled': 'True'}, {'interface': 'swp2', 'vlan': None, 'vrf': None, 'ip_address': 'fc00:10:0:3::2/64', 'ip_gateway': None, 'enabled': 'True'}, {'interface': 'swp3', 'vlan': None, 'vrf': None, 'ip_address': 'fc00:10:0:5::2/64', 'ip_gateway': None, 'enabled': 'True'}, {'interface': 'swp4', 'vlan': None, 'vrf': None, 'ip_address': 'fc00:10:0:7::2/64', 'ip_gateway': None, 'enabled': 'True'}, {'interface': 'swp5', 'vlan': None, 'vrf': None, 'ip_address': 'fc00:10:0:9::2/64', 'ip_gateway': None, 'enabled': 'True'}, {'interface': 'swp6', 'vlan': None, 'vrf': None, 'ip_address': 'fc00:10:0:11::2/64', 'ip_gateway': None, 'enabled': 'True'}], 'border1': [{'interface': 'Management1', 'vlan': None, 'vrf': 'mgmt', 'ip_address': '169.254.255.167/24', 'ip_gateway': '169.254.255.1', 'enabled': 'True'}, {'interface': 'swp1', 'vlan': None, 'vrf': None, 'ip_address': 'fc00:10:0:8::1/64', 'ip_gateway': None, 'enabled': 'True'}, {'interface': 'swp2', 'vlan': None, 'vrf': None, 'ip_address': 'fc00:10:0:9::1/64', 'ip_gateway': None, 'enabled': 'True'}], 'border2': [{'interface': 'Management1', 'vlan': None, 'vrf': 'mgmt', 'ip_address': '169.254.255.168/24', 'ip_gateway': '169.254.255.1', 'enabled': 'True'}, {'interface': 'swp1', 'vlan': None, 'vrf': None, 'ip_address': 'fc00:10:0:10::1/64', 'ip_gateway': None, 'enabled': 'True'}, {'interface': 'swp2', 'vlan': None, 'vrf': None, 'ip_address': 'fc00:10:0:11::1/64', 'ip_gateway': None, 'enabled': 'True'}]}} on 8 hosts
2021-02-06 02:00:39,733 - nornir.core.task -    ERROR -      start() - Host 'leaf11': task 'prepare_config' failed with traceback:
Traceback (most recent call last):
  File "/home/saby/tcpip/nornir/Nornir_class/venv/lib/python3.8/site-packages/nornir/core/task.py", line 98, in start
    r = self.task(self, **self.params)
  File "main.py", line 23, in prepare_config
    result = active_template.render(interface=agr1[task.host.name])
NameError: name 'agr1' is not defined

2021-02-06 02:00:39,753 - nornir.core.task -    ERROR -      start() - Host 'spine1': task 'prepare_config' failed with traceback:
Traceback (most recent call last):
  File "/home/saby/tcpip/nornir/Nornir_class/venv/lib/python3.8/site-packages/nornir/core/task.py", line 98, in start
    r = self.task(self, **self.params)
  File "main.py", line 23, in prepare_config
    result = active_template.render(interface=agr1[task.host.name])
NameError: name 'agr1' is not defined

2021-02-06 02:00:39,770 - nornir.core.task -    ERROR -      start() - Host 'spine2': task 'prepare_config' failed with traceback:
Traceback (most recent call last):
  File "/home/saby/tcpip/nornir/Nornir_class/venv/lib/python3.8/site-packages/nornir/core/task.py", line 98, in start
    r = self.task(self, **self.params)
  File "main.py", line 23, in prepare_config
    result = active_template.render(interface=agr1[task.host.name])
NameError: name 'agr1' is not defined

2021-02-06 02:00:39,784 - nornir.core.task -    ERROR -      start() - Host 'border1': task 'prepare_config' failed with traceback:
Traceback (most recent call last):
  File "/home/saby/tcpip/nornir/Nornir_class/venv/lib/python3.8/site-packages/nornir/core/task.py", line 98, in start
    r = self.task(self, **self.params)
  File "main.py", line 23, in prepare_config
    result = active_template.render(interface=agr1[task.host.name])
NameError: name 'agr1' is not defined

2021-02-06 02:00:39,785 - nornir.core.task -    ERROR -      start() - Host 'leaf14': task 'prepare_config' failed with traceback:
Traceback (most recent call last):
  File "/home/saby/tcpip/nornir/Nornir_class/venv/lib/python3.8/site-packages/nornir/core/task.py", line 98, in start
    r = self.task(self, **self.params)
  File "main.py", line 21, in prepare_config
    active_template = jinja2.Template(f.read())
  File "/home/saby/tcpip/nornir/Nornir_class/venv/lib/python3.8/site-packages/jinja2/environment.py", line 1031, in __new__
    return env.from_string(source, template_class=cls)
  File "/home/saby/tcpip/nornir/Nornir_class/venv/lib/python3.8/site-packages/jinja2/environment.py", line 941, in from_string
    return cls.from_code(self, self.compile(source), globals, None)
  File "/home/saby/tcpip/nornir/Nornir_class/venv/lib/python3.8/site-packages/jinja2/environment.py", line 638, in compile
    self.handle_exception(source=source_hint)
  File "/home/saby/tcpip/nornir/Nornir_class/venv/lib/python3.8/site-packages/jinja2/environment.py", line 832, in handle_exception
    reraise(*rewrite_traceback_stack(source=source))
  File "/home/saby/tcpip/nornir/Nornir_class/venv/lib/python3.8/site-packages/jinja2/_compat.py", line 28, in reraise
    raise value.with_traceback(tb)
  File "<unknown>", line 16, in template
jinja2.exceptions.TemplateSyntaxError: Encountered unknown tag 'iface'. Jinja was looking for the following tags: 'elif' or 'else' or 'endif'. The innermost block that needs to be closed is 'if'.

2021-02-06 02:00:39,789 - nornir.core.task -    ERROR -      start() - Host 'leaf13': task 'prepare_config' failed with traceback:
Traceback (most recent call last):
  File "/home/saby/tcpip/nornir/Nornir_class/venv/lib/python3.8/site-packages/nornir/core/task.py", line 98, in start
    r = self.task(self, **self.params)
  File "main.py", line 21, in prepare_config
    active_template = jinja2.Template(f.read())
  File "/home/saby/tcpip/nornir/Nornir_class/venv/lib/python3.8/site-packages/jinja2/environment.py", line 1031, in __new__
    return env.from_string(source, template_class=cls)
  File "/home/saby/tcpip/nornir/Nornir_class/venv/lib/python3.8/site-packages/jinja2/environment.py", line 941, in from_string
    return cls.from_code(self, self.compile(source), globals, None)
  File "/home/saby/tcpip/nornir/Nornir_class/venv/lib/python3.8/site-packages/jinja2/environment.py", line 638, in compile
    self.handle_exception(source=source_hint)
  File "/home/saby/tcpip/nornir/Nornir_class/venv/lib/python3.8/site-packages/jinja2/environment.py", line 832, in handle_exception
    reraise(*rewrite_traceback_stack(source=source))
  File "/home/saby/tcpip/nornir/Nornir_class/venv/lib/python3.8/site-packages/jinja2/_compat.py", line 28, in reraise
    raise value.with_traceback(tb)
  File "<unknown>", line 16, in template
jinja2.exceptions.TemplateSyntaxError: Encountered unknown tag 'iface'. Jinja was looking for the following tags: 'elif' or 'else' or 'endif'. The innermost block that needs to be closed is 'if'.

2021-02-06 02:00:39,789 - nornir.core.task -    ERROR -      start() - Host 'leaf12': task 'prepare_config' failed with traceback:
Traceback (most recent call last):
  File "/home/saby/tcpip/nornir/Nornir_class/venv/lib/python3.8/site-packages/nornir/core/task.py", line 98, in start
    r = self.task(self, **self.params)
  File "main.py", line 23, in prepare_config
    result = active_template.render(interface=agr1[task.host.name])
NameError: name 'agr1' is not defined

2021-02-06 02:00:39,790 - nornir.core.task -    ERROR -      start() - Host 'border2': task 'prepare_config' failed with traceback:
Traceback (most recent call last):
  File "/home/saby/tcpip/nornir/Nornir_class/venv/lib/python3.8/site-packages/nornir/core/task.py", line 98, in start
    r = self.task(self, **self.params)
  File "main.py", line 23, in prepare_config
    result = active_template.render(interface=agr1[task.host.name])
NameError: name 'agr1' is not defined

2021-02-06 02:01:05,360 -  nornir.core -     INFO -        run() - Running task 'prepare_config' with args {'template_path': './Template', 'arg1': {'leaf11': [{'interface': 'eth0', 'vlan': None, 'vrf': 'mgmt', 'ip_address': '169.254.255.62/24', 'ip_gateway': '169.254.255.1', 'enabled': 'True'}, {'interface': 'swp1', 'vlan': None, 'vrf': None, 'ip_address': 'fc00:10:0:0::1/64', 'ip_gateway': None, 'enabled': 'True'}, {'interface': 'swp2', 'vlan': None, 'vrf': None, 'ip_address': 'fc00:10:0:1::1/64', 'ip_gateway': None, 'enabled': 'True'}], 'leaf12': [{'interface': 'eth0', 'vlan': None, 'vrf': 'mgmt', 'ip_address': '169.254.255.162/24', 'ip_gateway': '169.254.255.1', 'enabled': 'True'}, {'interface': 'swp1', 'vlan': None, 'vrf': None, 'ip_address': 'fc00:10:0:2::1/64', 'ip_gateway': None, 'enabled': 'True'}, {'interface': 'swp2', 'vlan': None, 'vrf': None, 'ip_address': 'fc00:10:0:3::1/64', 'ip_gateway': None, 'enabled': 'True'}], 'leaf13': [{'interface': 'Management1', 'vlan': None, 'vrf': 'mgmt', 'ip_address': '169.254.255.64/24', 'ip_gateway': '169.254.255.1', 'enabled': 'True'}, {'interface': 'Ethernet1', 'vlan': None, 'vrf': None, 'ip_address': 'fc00:10:0:4::1/64', 'ip_gateway': None, 'enabled': 'True'}, {'interface': 'Ethernet2', 'vlan': None, 'vrf': None, 'ip_address': 'fc00:10:0:5::1/64', 'ip_gateway': None, 'enabled': 'True'}], 'leaf14': [{'interface': 'Management1', 'vlan': None, 'vrf': 'mgmt', 'ip_address': '169.254.255.164/24', 'ip_gateway': '169.254.255.1', 'enabled': 'True'}, {'interface': 'Ethernet1', 'vlan': None, 'vrf': None, 'ip_address': 'fc00:10:0:6::1/64', 'ip_gateway': None, 'enabled': 'True'}, {'interface': 'Ethernet2', 'vlan': None, 'vrf': None, 'ip_address': 'fc00:10:0:7::1/64', 'ip_gateway': None, 'enabled': 'True'}], 'spine1': [{'interface': 'Management1', 'vlan': None, 'vrf': 'mgmt', 'ip_address': '169.254.255.165/24', 'ip_gateway': '169.254.255.1', 'enabled': 'True'}, {'interface': 'swp1', 'vlan': None, 'vrf': None, 'ip_address': 'fc00:10:0:0::2/64', 'ip_gateway': None, 'enabled': 'True'}, {'interface': 'swp2', 'vlan': None, 'vrf': None, 'ip_address': 'fc00:10:0:2::2/64', 'ip_gateway': None, 'enabled': 'True'}, {'interface': 'swp3', 'vlan': None, 'vrf': None, 'ip_address': 'fc00:10:0:4::2/64', 'ip_gateway': None, 'enabled': 'True'}, {'interface': 'swp4', 'vlan': None, 'vrf': None, 'ip_address': 'fc00:10:0:6::2/64', 'ip_gateway': None, 'enabled': 'True'}, {'interface': 'swp5', 'vlan': None, 'vrf': None, 'ip_address': 'fc00:10:0:8::2/64', 'ip_gateway': None, 'enabled': 'True'}, {'interface': 'swp6', 'vlan': None, 'vrf': None, 'ip_address': 'fc00:10:0:10::2/64', 'ip_gateway': None, 'enabled': 'True'}], 'spine2': [{'interface': 'Management1', 'vlan': None, 'vrf': 'mgmt', 'ip_address': '169.254.255.166/24', 'ip_gateway': '169.254.255.1', 'enabled': 'True'}, {'interface': 'swp1', 'vlan': None, 'vrf': None, 'ip_address': 'fc00:10:0:1::2/64', 'ip_gateway': None, 'enabled': 'True'}, {'interface': 'swp2', 'vlan': None, 'vrf': None, 'ip_address': 'fc00:10:0:3::2/64', 'ip_gateway': None, 'enabled': 'True'}, {'interface': 'swp3', 'vlan': None, 'vrf': None, 'ip_address': 'fc00:10:0:5::2/64', 'ip_gateway': None, 'enabled': 'True'}, {'interface': 'swp4', 'vlan': None, 'vrf': None, 'ip_address': 'fc00:10:0:7::2/64', 'ip_gateway': None, 'enabled': 'True'}, {'interface': 'swp5', 'vlan': None, 'vrf': None, 'ip_address': 'fc00:10:0:9::2/64', 'ip_gateway': None, 'enabled': 'True'}, {'interface': 'swp6', 'vlan': None, 'vrf': None, 'ip_address': 'fc00:10:0:11::2/64', 'ip_gateway': None, 'enabled': 'True'}], 'border1': [{'interface': 'Management1', 'vlan': None, 'vrf': 'mgmt', 'ip_address': '169.254.255.167/24', 'ip_gateway': '169.254.255.1', 'enabled': 'True'}, {'interface': 'swp1', 'vlan': None, 'vrf': None, 'ip_address': 'fc00:10:0:8::1/64', 'ip_gateway': None, 'enabled': 'True'}, {'interface': 'swp2', 'vlan': None, 'vrf': None, 'ip_address': 'fc00:10:0:9::1/64', 'ip_gateway': None, 'enabled': 'True'}], 'border2': [{'interface': 'Management1', 'vlan': None, 'vrf': 'mgmt', 'ip_address': '169.254.255.168/24', 'ip_gateway': '169.254.255.1', 'enabled': 'True'}, {'interface': 'swp1', 'vlan': None, 'vrf': None, 'ip_address': 'fc00:10:0:10::1/64', 'ip_gateway': None, 'enabled': 'True'}, {'interface': 'swp2', 'vlan': None, 'vrf': None, 'ip_address': 'fc00:10:0:11::1/64', 'ip_gateway': None, 'enabled': 'True'}]}} on 8 hosts
2021-02-06 02:01:05,404 - nornir.core.task -    ERROR -      start() - Host 'leaf11': task 'prepare_config' failed with traceback:
Traceback (most recent call last):
  File "/home/saby/tcpip/nornir/Nornir_class/venv/lib/python3.8/site-packages/nornir/core/task.py", line 98, in start
    r = self.task(self, **self.params)
  File "main.py", line 23, in prepare_config
    result = active_template.render(interface=agr1[task.host.name])
NameError: name 'agr1' is not defined

2021-02-06 02:01:05,407 - nornir.core.task -    ERROR -      start() - Host 'leaf12': task 'prepare_config' failed with traceback:
Traceback (most recent call last):
  File "/home/saby/tcpip/nornir/Nornir_class/venv/lib/python3.8/site-packages/nornir/core/task.py", line 98, in start
    r = self.task(self, **self.params)
  File "main.py", line 23, in prepare_config
    result = active_template.render(interface=agr1[task.host.name])
NameError: name 'agr1' is not defined

2021-02-06 02:01:05,443 - nornir.core.task -    ERROR -      start() - Host 'spine2': task 'prepare_config' failed with traceback:
Traceback (most recent call last):
  File "/home/saby/tcpip/nornir/Nornir_class/venv/lib/python3.8/site-packages/nornir/core/task.py", line 98, in start
    r = self.task(self, **self.params)
  File "main.py", line 23, in prepare_config
    result = active_template.render(interface=agr1[task.host.name])
NameError: name 'agr1' is not defined

2021-02-06 02:01:05,449 - nornir.core.task -    ERROR -      start() - Host 'spine1': task 'prepare_config' failed with traceback:
Traceback (most recent call last):
  File "/home/saby/tcpip/nornir/Nornir_class/venv/lib/python3.8/site-packages/nornir/core/task.py", line 98, in start
    r = self.task(self, **self.params)
  File "main.py", line 23, in prepare_config
    result = active_template.render(interface=agr1[task.host.name])
NameError: name 'agr1' is not defined

2021-02-06 02:01:05,450 - nornir.core.task -    ERROR -      start() - Host 'leaf14': task 'prepare_config' failed with traceback:
Traceback (most recent call last):
  File "/home/saby/tcpip/nornir/Nornir_class/venv/lib/python3.8/site-packages/nornir/core/task.py", line 98, in start
    r = self.task(self, **self.params)
  File "main.py", line 21, in prepare_config
    active_template = jinja2.Template(f.read())
  File "/home/saby/tcpip/nornir/Nornir_class/venv/lib/python3.8/site-packages/jinja2/environment.py", line 1031, in __new__
    return env.from_string(source, template_class=cls)
  File "/home/saby/tcpip/nornir/Nornir_class/venv/lib/python3.8/site-packages/jinja2/environment.py", line 941, in from_string
    return cls.from_code(self, self.compile(source), globals, None)
  File "/home/saby/tcpip/nornir/Nornir_class/venv/lib/python3.8/site-packages/jinja2/environment.py", line 638, in compile
    self.handle_exception(source=source_hint)
  File "/home/saby/tcpip/nornir/Nornir_class/venv/lib/python3.8/site-packages/jinja2/environment.py", line 832, in handle_exception
    reraise(*rewrite_traceback_stack(source=source))
  File "/home/saby/tcpip/nornir/Nornir_class/venv/lib/python3.8/site-packages/jinja2/_compat.py", line 28, in reraise
    raise value.with_traceback(tb)
  File "<unknown>", line 16, in template
jinja2.exceptions.TemplateSyntaxError: Encountered unknown tag 'iface'. Jinja was looking for the following tags: 'elif' or 'else' or 'endif'. The innermost block that needs to be closed is 'if'.

2021-02-06 02:01:05,452 - nornir.core.task -    ERROR -      start() - Host 'leaf13': task 'prepare_config' failed with traceback:
Traceback (most recent call last):
  File "/home/saby/tcpip/nornir/Nornir_class/venv/lib/python3.8/site-packages/nornir/core/task.py", line 98, in start
    r = self.task(self, **self.params)
  File "main.py", line 21, in prepare_config
    active_template = jinja2.Template(f.read())
  File "/home/saby/tcpip/nornir/Nornir_class/venv/lib/python3.8/site-packages/jinja2/environment.py", line 1031, in __new__
    return env.from_string(source, template_class=cls)
  File "/home/saby/tcpip/nornir/Nornir_class/venv/lib/python3.8/site-packages/jinja2/environment.py", line 941, in from_string
    return cls.from_code(self, self.compile(source), globals, None)
  File "/home/saby/tcpip/nornir/Nornir_class/venv/lib/python3.8/site-packages/jinja2/environment.py", line 638, in compile
    self.handle_exception(source=source_hint)
  File "/home/saby/tcpip/nornir/Nornir_class/venv/lib/python3.8/site-packages/jinja2/environment.py", line 832, in handle_exception
    reraise(*rewrite_traceback_stack(source=source))
  File "/home/saby/tcpip/nornir/Nornir_class/venv/lib/python3.8/site-packages/jinja2/_compat.py", line 28, in reraise
    raise value.with_traceback(tb)
  File "<unknown>", line 16, in template
jinja2.exceptions.TemplateSyntaxError: Encountered unknown tag 'iface'. Jinja was looking for the following tags: 'elif' or 'else' or 'endif'. The innermost block that needs to be closed is 'if'.

2021-02-06 02:01:05,474 - nornir.core.task -    ERROR -      start() - Host 'border1': task 'prepare_config' failed with traceback:
Traceback (most recent call last):
  File "/home/saby/tcpip/nornir/Nornir_class/venv/lib/python3.8/site-packages/nornir/core/task.py", line 98, in start
    r = self.task(self, **self.params)
  File "main.py", line 23, in prepare_config
    result = active_template.render(interface=agr1[task.host.name])
NameError: name 'agr1' is not defined

2021-02-06 02:01:05,475 - nornir.core.task -    ERROR -      start() - Host 'border2': task 'prepare_config' failed with traceback:
Traceback (most recent call last):
  File "/home/saby/tcpip/nornir/Nornir_class/venv/lib/python3.8/site-packages/nornir/core/task.py", line 98, in start
    r = self.task(self, **self.params)
  File "main.py", line 23, in prepare_config
    result = active_template.render(interface=agr1[task.host.name])
NameError: name 'agr1' is not defined

2021-02-06 02:01:53,123 -  nornir.core -     INFO -        run() - Running task 'prepare_config' with args {'template_path': './Template', 'arg1': {'leaf11': [{'interface': 'eth0', 'vlan': None, 'vrf': 'mgmt', 'ip_address': '169.254.255.62/24', 'ip_gateway': '169.254.255.1', 'enabled': 'True'}, {'interface': 'swp1', 'vlan': None, 'vrf': None, 'ip_address': 'fc00:10:0:0::1/64', 'ip_gateway': None, 'enabled': 'True'}, {'interface': 'swp2', 'vlan': None, 'vrf': None, 'ip_address': 'fc00:10:0:1::1/64', 'ip_gateway': None, 'enabled': 'True'}], 'leaf12': [{'interface': 'eth0', 'vlan': None, 'vrf': 'mgmt', 'ip_address': '169.254.255.162/24', 'ip_gateway': '169.254.255.1', 'enabled': 'True'}, {'interface': 'swp1', 'vlan': None, 'vrf': None, 'ip_address': 'fc00:10:0:2::1/64', 'ip_gateway': None, 'enabled': 'True'}, {'interface': 'swp2', 'vlan': None, 'vrf': None, 'ip_address': 'fc00:10:0:3::1/64', 'ip_gateway': None, 'enabled': 'True'}], 'leaf13': [{'interface': 'Management1', 'vlan': None, 'vrf': 'mgmt', 'ip_address': '169.254.255.64/24', 'ip_gateway': '169.254.255.1', 'enabled': 'True'}, {'interface': 'Ethernet1', 'vlan': None, 'vrf': None, 'ip_address': 'fc00:10:0:4::1/64', 'ip_gateway': None, 'enabled': 'True'}, {'interface': 'Ethernet2', 'vlan': None, 'vrf': None, 'ip_address': 'fc00:10:0:5::1/64', 'ip_gateway': None, 'enabled': 'True'}], 'leaf14': [{'interface': 'Management1', 'vlan': None, 'vrf': 'mgmt', 'ip_address': '169.254.255.164/24', 'ip_gateway': '169.254.255.1', 'enabled': 'True'}, {'interface': 'Ethernet1', 'vlan': None, 'vrf': None, 'ip_address': 'fc00:10:0:6::1/64', 'ip_gateway': None, 'enabled': 'True'}, {'interface': 'Ethernet2', 'vlan': None, 'vrf': None, 'ip_address': 'fc00:10:0:7::1/64', 'ip_gateway': None, 'enabled': 'True'}], 'spine1': [{'interface': 'Management1', 'vlan': None, 'vrf': 'mgmt', 'ip_address': '169.254.255.165/24', 'ip_gateway': '169.254.255.1', 'enabled': 'True'}, {'interface': 'swp1', 'vlan': None, 'vrf': None, 'ip_address': 'fc00:10:0:0::2/64', 'ip_gateway': None, 'enabled': 'True'}, {'interface': 'swp2', 'vlan': None, 'vrf': None, 'ip_address': 'fc00:10:0:2::2/64', 'ip_gateway': None, 'enabled': 'True'}, {'interface': 'swp3', 'vlan': None, 'vrf': None, 'ip_address': 'fc00:10:0:4::2/64', 'ip_gateway': None, 'enabled': 'True'}, {'interface': 'swp4', 'vlan': None, 'vrf': None, 'ip_address': 'fc00:10:0:6::2/64', 'ip_gateway': None, 'enabled': 'True'}, {'interface': 'swp5', 'vlan': None, 'vrf': None, 'ip_address': 'fc00:10:0:8::2/64', 'ip_gateway': None, 'enabled': 'True'}, {'interface': 'swp6', 'vlan': None, 'vrf': None, 'ip_address': 'fc00:10:0:10::2/64', 'ip_gateway': None, 'enabled': 'True'}], 'spine2': [{'interface': 'Management1', 'vlan': None, 'vrf': 'mgmt', 'ip_address': '169.254.255.166/24', 'ip_gateway': '169.254.255.1', 'enabled': 'True'}, {'interface': 'swp1', 'vlan': None, 'vrf': None, 'ip_address': 'fc00:10:0:1::2/64', 'ip_gateway': None, 'enabled': 'True'}, {'interface': 'swp2', 'vlan': None, 'vrf': None, 'ip_address': 'fc00:10:0:3::2/64', 'ip_gateway': None, 'enabled': 'True'}, {'interface': 'swp3', 'vlan': None, 'vrf': None, 'ip_address': 'fc00:10:0:5::2/64', 'ip_gateway': None, 'enabled': 'True'}, {'interface': 'swp4', 'vlan': None, 'vrf': None, 'ip_address': 'fc00:10:0:7::2/64', 'ip_gateway': None, 'enabled': 'True'}, {'interface': 'swp5', 'vlan': None, 'vrf': None, 'ip_address': 'fc00:10:0:9::2/64', 'ip_gateway': None, 'enabled': 'True'}, {'interface': 'swp6', 'vlan': None, 'vrf': None, 'ip_address': 'fc00:10:0:11::2/64', 'ip_gateway': None, 'enabled': 'True'}], 'border1': [{'interface': 'Management1', 'vlan': None, 'vrf': 'mgmt', 'ip_address': '169.254.255.167/24', 'ip_gateway': '169.254.255.1', 'enabled': 'True'}, {'interface': 'swp1', 'vlan': None, 'vrf': None, 'ip_address': 'fc00:10:0:8::1/64', 'ip_gateway': None, 'enabled': 'True'}, {'interface': 'swp2', 'vlan': None, 'vrf': None, 'ip_address': 'fc00:10:0:9::1/64', 'ip_gateway': None, 'enabled': 'True'}], 'border2': [{'interface': 'Management1', 'vlan': None, 'vrf': 'mgmt', 'ip_address': '169.254.255.168/24', 'ip_gateway': '169.254.255.1', 'enabled': 'True'}, {'interface': 'swp1', 'vlan': None, 'vrf': None, 'ip_address': 'fc00:10:0:10::1/64', 'ip_gateway': None, 'enabled': 'True'}, {'interface': 'swp2', 'vlan': None, 'vrf': None, 'ip_address': 'fc00:10:0:11::1/64', 'ip_gateway': None, 'enabled': 'True'}]}} on 8 hosts
2021-02-06 02:01:53,193 - nornir.core.task -    ERROR -      start() - Host 'spine1': task 'prepare_config' failed with traceback:
Traceback (most recent call last):
  File "/home/saby/tcpip/nornir/Nornir_class/venv/lib/python3.8/site-packages/nornir/core/task.py", line 98, in start
    r = self.task(self, **self.params)
  File "main.py", line 23, in prepare_config
    result = active_template.render(interface=agr1[task.host.name])
NameError: name 'agr1' is not defined

2021-02-06 02:01:53,194 - nornir.core.task -    ERROR -      start() - Host 'leaf11': task 'prepare_config' failed with traceback:
Traceback (most recent call last):
  File "/home/saby/tcpip/nornir/Nornir_class/venv/lib/python3.8/site-packages/nornir/core/task.py", line 98, in start
    r = self.task(self, **self.params)
  File "main.py", line 23, in prepare_config
    result = active_template.render(interface=agr1[task.host.name])
NameError: name 'agr1' is not defined

2021-02-06 02:01:53,199 - nornir.core.task -    ERROR -      start() - Host 'leaf12': task 'prepare_config' failed with traceback:
Traceback (most recent call last):
  File "/home/saby/tcpip/nornir/Nornir_class/venv/lib/python3.8/site-packages/nornir/core/task.py", line 98, in start
    r = self.task(self, **self.params)
  File "main.py", line 23, in prepare_config
    result = active_template.render(interface=agr1[task.host.name])
NameError: name 'agr1' is not defined

2021-02-06 02:01:53,206 - nornir.core.task -    ERROR -      start() - Host 'border1': task 'prepare_config' failed with traceback:
Traceback (most recent call last):
  File "/home/saby/tcpip/nornir/Nornir_class/venv/lib/python3.8/site-packages/nornir/core/task.py", line 98, in start
    r = self.task(self, **self.params)
  File "main.py", line 23, in prepare_config
    result = active_template.render(interface=agr1[task.host.name])
NameError: name 'agr1' is not defined

2021-02-06 02:01:53,208 - nornir.core.task -    ERROR -      start() - Host 'spine2': task 'prepare_config' failed with traceback:
Traceback (most recent call last):
  File "/home/saby/tcpip/nornir/Nornir_class/venv/lib/python3.8/site-packages/nornir/core/task.py", line 98, in start
    r = self.task(self, **self.params)
  File "main.py", line 23, in prepare_config
    result = active_template.render(interface=agr1[task.host.name])
NameError: name 'agr1' is not defined

2021-02-06 02:01:53,221 - nornir.core.task -    ERROR -      start() - Host 'leaf14': task 'prepare_config' failed with traceback:
Traceback (most recent call last):
  File "/home/saby/tcpip/nornir/Nornir_class/venv/lib/python3.8/site-packages/nornir/core/task.py", line 98, in start
    r = self.task(self, **self.params)
  File "main.py", line 21, in prepare_config
    active_template = jinja2.Template(f.read())
  File "/home/saby/tcpip/nornir/Nornir_class/venv/lib/python3.8/site-packages/jinja2/environment.py", line 1031, in __new__
    return env.from_string(source, template_class=cls)
  File "/home/saby/tcpip/nornir/Nornir_class/venv/lib/python3.8/site-packages/jinja2/environment.py", line 941, in from_string
    return cls.from_code(self, self.compile(source), globals, None)
  File "/home/saby/tcpip/nornir/Nornir_class/venv/lib/python3.8/site-packages/jinja2/environment.py", line 638, in compile
    self.handle_exception(source=source_hint)
  File "/home/saby/tcpip/nornir/Nornir_class/venv/lib/python3.8/site-packages/jinja2/environment.py", line 832, in handle_exception
    reraise(*rewrite_traceback_stack(source=source))
  File "/home/saby/tcpip/nornir/Nornir_class/venv/lib/python3.8/site-packages/jinja2/_compat.py", line 28, in reraise
    raise value.with_traceback(tb)
  File "<unknown>", line 16, in template
jinja2.exceptions.TemplateSyntaxError: Encountered unknown tag 'iface'. Jinja was looking for the following tags: 'elif' or 'else' or 'endif'. The innermost block that needs to be closed is 'if'.

2021-02-06 02:01:53,223 - nornir.core.task -    ERROR -      start() - Host 'border2': task 'prepare_config' failed with traceback:
Traceback (most recent call last):
  File "/home/saby/tcpip/nornir/Nornir_class/venv/lib/python3.8/site-packages/nornir/core/task.py", line 98, in start
    r = self.task(self, **self.params)
  File "main.py", line 23, in prepare_config
    result = active_template.render(interface=agr1[task.host.name])
NameError: name 'agr1' is not defined

2021-02-06 02:01:53,224 - nornir.core.task -    ERROR -      start() - Host 'leaf13': task 'prepare_config' failed with traceback:
Traceback (most recent call last):
  File "/home/saby/tcpip/nornir/Nornir_class/venv/lib/python3.8/site-packages/nornir/core/task.py", line 98, in start
    r = self.task(self, **self.params)
  File "main.py", line 21, in prepare_config
    active_template = jinja2.Template(f.read())
  File "/home/saby/tcpip/nornir/Nornir_class/venv/lib/python3.8/site-packages/jinja2/environment.py", line 1031, in __new__
    return env.from_string(source, template_class=cls)
  File "/home/saby/tcpip/nornir/Nornir_class/venv/lib/python3.8/site-packages/jinja2/environment.py", line 941, in from_string
    return cls.from_code(self, self.compile(source), globals, None)
  File "/home/saby/tcpip/nornir/Nornir_class/venv/lib/python3.8/site-packages/jinja2/environment.py", line 638, in compile
    self.handle_exception(source=source_hint)
  File "/home/saby/tcpip/nornir/Nornir_class/venv/lib/python3.8/site-packages/jinja2/environment.py", line 832, in handle_exception
    reraise(*rewrite_traceback_stack(source=source))
  File "/home/saby/tcpip/nornir/Nornir_class/venv/lib/python3.8/site-packages/jinja2/_compat.py", line 28, in reraise
    raise value.with_traceback(tb)
  File "<unknown>", line 16, in template
jinja2.exceptions.TemplateSyntaxError: Encountered unknown tag 'iface'. Jinja was looking for the following tags: 'elif' or 'else' or 'endif'. The innermost block that needs to be closed is 'if'.

2021-02-06 02:02:05,860 -  nornir.core -     INFO -        run() - Running task 'prepare_config' with args {'template_path': './Template', 'arg1': {'leaf11': [{'interface': 'eth0', 'vlan': None, 'vrf': 'mgmt', 'ip_address': '169.254.255.62/24', 'ip_gateway': '169.254.255.1', 'enabled': 'True'}, {'interface': 'swp1', 'vlan': None, 'vrf': None, 'ip_address': 'fc00:10:0:0::1/64', 'ip_gateway': None, 'enabled': 'True'}, {'interface': 'swp2', 'vlan': None, 'vrf': None, 'ip_address': 'fc00:10:0:1::1/64', 'ip_gateway': None, 'enabled': 'True'}], 'leaf12': [{'interface': 'eth0', 'vlan': None, 'vrf': 'mgmt', 'ip_address': '169.254.255.162/24', 'ip_gateway': '169.254.255.1', 'enabled': 'True'}, {'interface': 'swp1', 'vlan': None, 'vrf': None, 'ip_address': 'fc00:10:0:2::1/64', 'ip_gateway': None, 'enabled': 'True'}, {'interface': 'swp2', 'vlan': None, 'vrf': None, 'ip_address': 'fc00:10:0:3::1/64', 'ip_gateway': None, 'enabled': 'True'}], 'leaf13': [{'interface': 'Management1', 'vlan': None, 'vrf': 'mgmt', 'ip_address': '169.254.255.64/24', 'ip_gateway': '169.254.255.1', 'enabled': 'True'}, {'interface': 'Ethernet1', 'vlan': None, 'vrf': None, 'ip_address': 'fc00:10:0:4::1/64', 'ip_gateway': None, 'enabled': 'True'}, {'interface': 'Ethernet2', 'vlan': None, 'vrf': None, 'ip_address': 'fc00:10:0:5::1/64', 'ip_gateway': None, 'enabled': 'True'}], 'leaf14': [{'interface': 'Management1', 'vlan': None, 'vrf': 'mgmt', 'ip_address': '169.254.255.164/24', 'ip_gateway': '169.254.255.1', 'enabled': 'True'}, {'interface': 'Ethernet1', 'vlan': None, 'vrf': None, 'ip_address': 'fc00:10:0:6::1/64', 'ip_gateway': None, 'enabled': 'True'}, {'interface': 'Ethernet2', 'vlan': None, 'vrf': None, 'ip_address': 'fc00:10:0:7::1/64', 'ip_gateway': None, 'enabled': 'True'}], 'spine1': [{'interface': 'Management1', 'vlan': None, 'vrf': 'mgmt', 'ip_address': '169.254.255.165/24', 'ip_gateway': '169.254.255.1', 'enabled': 'True'}, {'interface': 'swp1', 'vlan': None, 'vrf': None, 'ip_address': 'fc00:10:0:0::2/64', 'ip_gateway': None, 'enabled': 'True'}, {'interface': 'swp2', 'vlan': None, 'vrf': None, 'ip_address': 'fc00:10:0:2::2/64', 'ip_gateway': None, 'enabled': 'True'}, {'interface': 'swp3', 'vlan': None, 'vrf': None, 'ip_address': 'fc00:10:0:4::2/64', 'ip_gateway': None, 'enabled': 'True'}, {'interface': 'swp4', 'vlan': None, 'vrf': None, 'ip_address': 'fc00:10:0:6::2/64', 'ip_gateway': None, 'enabled': 'True'}, {'interface': 'swp5', 'vlan': None, 'vrf': None, 'ip_address': 'fc00:10:0:8::2/64', 'ip_gateway': None, 'enabled': 'True'}, {'interface': 'swp6', 'vlan': None, 'vrf': None, 'ip_address': 'fc00:10:0:10::2/64', 'ip_gateway': None, 'enabled': 'True'}], 'spine2': [{'interface': 'Management1', 'vlan': None, 'vrf': 'mgmt', 'ip_address': '169.254.255.166/24', 'ip_gateway': '169.254.255.1', 'enabled': 'True'}, {'interface': 'swp1', 'vlan': None, 'vrf': None, 'ip_address': 'fc00:10:0:1::2/64', 'ip_gateway': None, 'enabled': 'True'}, {'interface': 'swp2', 'vlan': None, 'vrf': None, 'ip_address': 'fc00:10:0:3::2/64', 'ip_gateway': None, 'enabled': 'True'}, {'interface': 'swp3', 'vlan': None, 'vrf': None, 'ip_address': 'fc00:10:0:5::2/64', 'ip_gateway': None, 'enabled': 'True'}, {'interface': 'swp4', 'vlan': None, 'vrf': None, 'ip_address': 'fc00:10:0:7::2/64', 'ip_gateway': None, 'enabled': 'True'}, {'interface': 'swp5', 'vlan': None, 'vrf': None, 'ip_address': 'fc00:10:0:9::2/64', 'ip_gateway': None, 'enabled': 'True'}, {'interface': 'swp6', 'vlan': None, 'vrf': None, 'ip_address': 'fc00:10:0:11::2/64', 'ip_gateway': None, 'enabled': 'True'}], 'border1': [{'interface': 'Management1', 'vlan': None, 'vrf': 'mgmt', 'ip_address': '169.254.255.167/24', 'ip_gateway': '169.254.255.1', 'enabled': 'True'}, {'interface': 'swp1', 'vlan': None, 'vrf': None, 'ip_address': 'fc00:10:0:8::1/64', 'ip_gateway': None, 'enabled': 'True'}, {'interface': 'swp2', 'vlan': None, 'vrf': None, 'ip_address': 'fc00:10:0:9::1/64', 'ip_gateway': None, 'enabled': 'True'}], 'border2': [{'interface': 'Management1', 'vlan': None, 'vrf': 'mgmt', 'ip_address': '169.254.255.168/24', 'ip_gateway': '169.254.255.1', 'enabled': 'True'}, {'interface': 'swp1', 'vlan': None, 'vrf': None, 'ip_address': 'fc00:10:0:10::1/64', 'ip_gateway': None, 'enabled': 'True'}, {'interface': 'swp2', 'vlan': None, 'vrf': None, 'ip_address': 'fc00:10:0:11::1/64', 'ip_gateway': None, 'enabled': 'True'}]}} on 8 hosts
2021-02-06 02:02:05,954 - nornir.core.task -    ERROR -      start() - Host 'leaf14': task 'prepare_config' failed with traceback:
Traceback (most recent call last):
  File "/home/saby/tcpip/nornir/Nornir_class/venv/lib/python3.8/site-packages/nornir/core/task.py", line 98, in start
    r = self.task(self, **self.params)
  File "main.py", line 21, in prepare_config
    active_template = jinja2.Template(f.read())
  File "/home/saby/tcpip/nornir/Nornir_class/venv/lib/python3.8/site-packages/jinja2/environment.py", line 1031, in __new__
    return env.from_string(source, template_class=cls)
  File "/home/saby/tcpip/nornir/Nornir_class/venv/lib/python3.8/site-packages/jinja2/environment.py", line 941, in from_string
    return cls.from_code(self, self.compile(source), globals, None)
  File "/home/saby/tcpip/nornir/Nornir_class/venv/lib/python3.8/site-packages/jinja2/environment.py", line 638, in compile
    self.handle_exception(source=source_hint)
  File "/home/saby/tcpip/nornir/Nornir_class/venv/lib/python3.8/site-packages/jinja2/environment.py", line 832, in handle_exception
    reraise(*rewrite_traceback_stack(source=source))
  File "/home/saby/tcpip/nornir/Nornir_class/venv/lib/python3.8/site-packages/jinja2/_compat.py", line 28, in reraise
    raise value.with_traceback(tb)
  File "<unknown>", line 16, in template
jinja2.exceptions.TemplateSyntaxError: Encountered unknown tag 'iface'. Jinja was looking for the following tags: 'elif' or 'else' or 'endif'. The innermost block that needs to be closed is 'if'.

2021-02-06 02:02:05,955 - nornir.core.task -    ERROR -      start() - Host 'leaf13': task 'prepare_config' failed with traceback:
Traceback (most recent call last):
  File "/home/saby/tcpip/nornir/Nornir_class/venv/lib/python3.8/site-packages/nornir/core/task.py", line 98, in start
    r = self.task(self, **self.params)
  File "main.py", line 21, in prepare_config
    active_template = jinja2.Template(f.read())
  File "/home/saby/tcpip/nornir/Nornir_class/venv/lib/python3.8/site-packages/jinja2/environment.py", line 1031, in __new__
    return env.from_string(source, template_class=cls)
  File "/home/saby/tcpip/nornir/Nornir_class/venv/lib/python3.8/site-packages/jinja2/environment.py", line 941, in from_string
    return cls.from_code(self, self.compile(source), globals, None)
  File "/home/saby/tcpip/nornir/Nornir_class/venv/lib/python3.8/site-packages/jinja2/environment.py", line 638, in compile
    self.handle_exception(source=source_hint)
  File "/home/saby/tcpip/nornir/Nornir_class/venv/lib/python3.8/site-packages/jinja2/environment.py", line 832, in handle_exception
    reraise(*rewrite_traceback_stack(source=source))
  File "/home/saby/tcpip/nornir/Nornir_class/venv/lib/python3.8/site-packages/jinja2/_compat.py", line 28, in reraise
    raise value.with_traceback(tb)
  File "<unknown>", line 16, in template
jinja2.exceptions.TemplateSyntaxError: Encountered unknown tag 'iface'. Jinja was looking for the following tags: 'elif' or 'else' or 'endif'. The innermost block that needs to be closed is 'if'.

2021-02-06 02:17:25,263 -  nornir.core -     INFO -        run() - Running task 'prepare_config' with args {'template_path': './Template', 'arg1': {'leaf11': [{'interface': 'eth0', 'vlan': None, 'vrf': 'mgmt', 'ip_address': '169.254.255.62/24', 'ip_gateway': '169.254.255.1', 'enabled': 'True'}, {'interface': 'swp1', 'vlan': None, 'vrf': None, 'ip_address': 'fc00:10:0:0::1/64', 'ip_gateway': None, 'enabled': 'True'}, {'interface': 'swp2', 'vlan': None, 'vrf': None, 'ip_address': 'fc00:10:0:1::1/64', 'ip_gateway': None, 'enabled': 'True'}], 'leaf12': [{'interface': 'eth0', 'vlan': None, 'vrf': 'mgmt', 'ip_address': '169.254.255.162/24', 'ip_gateway': '169.254.255.1', 'enabled': 'True'}, {'interface': 'swp1', 'vlan': None, 'vrf': None, 'ip_address': 'fc00:10:0:2::1/64', 'ip_gateway': None, 'enabled': 'True'}, {'interface': 'swp2', 'vlan': None, 'vrf': None, 'ip_address': 'fc00:10:0:3::1/64', 'ip_gateway': None, 'enabled': 'True'}], 'leaf13': [{'interface': 'Management1', 'vlan': None, 'vrf': 'mgmt', 'ip_address': '169.254.255.64/24', 'ip_gateway': '169.254.255.1', 'enabled': 'True'}, {'interface': 'Ethernet1', 'vlan': None, 'vrf': None, 'ip_address': 'fc00:10:0:4::1/64', 'ip_gateway': None, 'enabled': 'True'}, {'interface': 'Ethernet2', 'vlan': None, 'vrf': None, 'ip_address': 'fc00:10:0:5::1/64', 'ip_gateway': None, 'enabled': 'True'}], 'leaf14': [{'interface': 'Management1', 'vlan': None, 'vrf': 'mgmt', 'ip_address': '169.254.255.164/24', 'ip_gateway': '169.254.255.1', 'enabled': 'True'}, {'interface': 'Ethernet1', 'vlan': None, 'vrf': None, 'ip_address': 'fc00:10:0:6::1/64', 'ip_gateway': None, 'enabled': 'True'}, {'interface': 'Ethernet2', 'vlan': None, 'vrf': None, 'ip_address': 'fc00:10:0:7::1/64', 'ip_gateway': None, 'enabled': 'True'}], 'spine1': [{'interface': 'Management1', 'vlan': None, 'vrf': 'mgmt', 'ip_address': '169.254.255.165/24', 'ip_gateway': '169.254.255.1', 'enabled': 'True'}, {'interface': 'swp1', 'vlan': None, 'vrf': None, 'ip_address': 'fc00:10:0:0::2/64', 'ip_gateway': None, 'enabled': 'True'}, {'interface': 'swp2', 'vlan': None, 'vrf': None, 'ip_address': 'fc00:10:0:2::2/64', 'ip_gateway': None, 'enabled': 'True'}, {'interface': 'swp3', 'vlan': None, 'vrf': None, 'ip_address': 'fc00:10:0:4::2/64', 'ip_gateway': None, 'enabled': 'True'}, {'interface': 'swp4', 'vlan': None, 'vrf': None, 'ip_address': 'fc00:10:0:6::2/64', 'ip_gateway': None, 'enabled': 'True'}, {'interface': 'swp5', 'vlan': None, 'vrf': None, 'ip_address': 'fc00:10:0:8::2/64', 'ip_gateway': None, 'enabled': 'True'}, {'interface': 'swp6', 'vlan': None, 'vrf': None, 'ip_address': 'fc00:10:0:10::2/64', 'ip_gateway': None, 'enabled': 'True'}], 'spine2': [{'interface': 'Management1', 'vlan': None, 'vrf': 'mgmt', 'ip_address': '169.254.255.166/24', 'ip_gateway': '169.254.255.1', 'enabled': 'True'}, {'interface': 'swp1', 'vlan': None, 'vrf': None, 'ip_address': 'fc00:10:0:1::2/64', 'ip_gateway': None, 'enabled': 'True'}, {'interface': 'swp2', 'vlan': None, 'vrf': None, 'ip_address': 'fc00:10:0:3::2/64', 'ip_gateway': None, 'enabled': 'True'}, {'interface': 'swp3', 'vlan': None, 'vrf': None, 'ip_address': 'fc00:10:0:5::2/64', 'ip_gateway': None, 'enabled': 'True'}, {'interface': 'swp4', 'vlan': None, 'vrf': None, 'ip_address': 'fc00:10:0:7::2/64', 'ip_gateway': None, 'enabled': 'True'}, {'interface': 'swp5', 'vlan': None, 'vrf': None, 'ip_address': 'fc00:10:0:9::2/64', 'ip_gateway': None, 'enabled': 'True'}, {'interface': 'swp6', 'vlan': None, 'vrf': None, 'ip_address': 'fc00:10:0:11::2/64', 'ip_gateway': None, 'enabled': 'True'}], 'border1': [{'interface': 'Management1', 'vlan': None, 'vrf': 'mgmt', 'ip_address': '169.254.255.167/24', 'ip_gateway': '169.254.255.1', 'enabled': 'True'}, {'interface': 'swp1', 'vlan': None, 'vrf': None, 'ip_address': 'fc00:10:0:8::1/64', 'ip_gateway': None, 'enabled': 'True'}, {'interface': 'swp2', 'vlan': None, 'vrf': None, 'ip_address': 'fc00:10:0:9::1/64', 'ip_gateway': None, 'enabled': 'True'}], 'border2': [{'interface': 'Management1', 'vlan': None, 'vrf': 'mgmt', 'ip_address': '169.254.255.168/24', 'ip_gateway': '169.254.255.1', 'enabled': 'True'}, {'interface': 'swp1', 'vlan': None, 'vrf': None, 'ip_address': 'fc00:10:0:10::1/64', 'ip_gateway': None, 'enabled': 'True'}, {'interface': 'swp2', 'vlan': None, 'vrf': None, 'ip_address': 'fc00:10:0:11::1/64', 'ip_gateway': None, 'enabled': 'True'}]}} on 8 hosts
2021-02-06 02:17:25,353 - nornir.core.task -    ERROR -      start() - Host 'leaf13': task 'prepare_config' failed with traceback:
Traceback (most recent call last):
  File "/home/saby/tcpip/nornir/Nornir_class/venv/lib/python3.8/site-packages/nornir/core/task.py", line 98, in start
    r = self.task(self, **self.params)
  File "main.py", line 21, in prepare_config
    active_template = jinja2.Template(f.read())
  File "/home/saby/tcpip/nornir/Nornir_class/venv/lib/python3.8/site-packages/jinja2/environment.py", line 1031, in __new__
    return env.from_string(source, template_class=cls)
  File "/home/saby/tcpip/nornir/Nornir_class/venv/lib/python3.8/site-packages/jinja2/environment.py", line 941, in from_string
    return cls.from_code(self, self.compile(source), globals, None)
  File "/home/saby/tcpip/nornir/Nornir_class/venv/lib/python3.8/site-packages/jinja2/environment.py", line 638, in compile
    self.handle_exception(source=source_hint)
  File "/home/saby/tcpip/nornir/Nornir_class/venv/lib/python3.8/site-packages/jinja2/environment.py", line 832, in handle_exception
    reraise(*rewrite_traceback_stack(source=source))
  File "/home/saby/tcpip/nornir/Nornir_class/venv/lib/python3.8/site-packages/jinja2/_compat.py", line 28, in reraise
    raise value.with_traceback(tb)
  File "<unknown>", line 16, in template
jinja2.exceptions.TemplateSyntaxError: Encountered unknown tag 'iface'. Jinja was looking for the following tags: 'elif' or 'else' or 'endif'. The innermost block that needs to be closed is 'if'.

2021-02-06 02:17:25,354 - nornir.core.task -    ERROR -      start() - Host 'leaf14': task 'prepare_config' failed with traceback:
Traceback (most recent call last):
  File "/home/saby/tcpip/nornir/Nornir_class/venv/lib/python3.8/site-packages/nornir/core/task.py", line 98, in start
    r = self.task(self, **self.params)
  File "main.py", line 21, in prepare_config
    active_template = jinja2.Template(f.read())
  File "/home/saby/tcpip/nornir/Nornir_class/venv/lib/python3.8/site-packages/jinja2/environment.py", line 1031, in __new__
    return env.from_string(source, template_class=cls)
  File "/home/saby/tcpip/nornir/Nornir_class/venv/lib/python3.8/site-packages/jinja2/environment.py", line 941, in from_string
    return cls.from_code(self, self.compile(source), globals, None)
  File "/home/saby/tcpip/nornir/Nornir_class/venv/lib/python3.8/site-packages/jinja2/environment.py", line 638, in compile
    self.handle_exception(source=source_hint)
  File "/home/saby/tcpip/nornir/Nornir_class/venv/lib/python3.8/site-packages/jinja2/environment.py", line 832, in handle_exception
    reraise(*rewrite_traceback_stack(source=source))
  File "/home/saby/tcpip/nornir/Nornir_class/venv/lib/python3.8/site-packages/jinja2/_compat.py", line 28, in reraise
    raise value.with_traceback(tb)
  File "<unknown>", line 16, in template
jinja2.exceptions.TemplateSyntaxError: Encountered unknown tag 'iface'. Jinja was looking for the following tags: 'elif' or 'else' or 'endif'. The innermost block that needs to be closed is 'if'.

2021-02-06 02:18:14,882 -  nornir.core -     INFO -        run() - Running task 'prepare_config' with args {'template_path': './Template', 'arg1': {'leaf11': [{'interface': 'eth0', 'vlan': None, 'vrf': 'mgmt', 'ip_address': '169.254.255.62/24', 'ip_gateway': '169.254.255.1', 'enabled': 'True'}, {'interface': 'swp1', 'vlan': None, 'vrf': None, 'ip_address': 'fc00:10:0:0::1/64', 'ip_gateway': None, 'enabled': 'True'}, {'interface': 'swp2', 'vlan': None, 'vrf': None, 'ip_address': 'fc00:10:0:1::1/64', 'ip_gateway': None, 'enabled': 'True'}], 'leaf12': [{'interface': 'eth0', 'vlan': None, 'vrf': 'mgmt', 'ip_address': '169.254.255.162/24', 'ip_gateway': '169.254.255.1', 'enabled': 'True'}, {'interface': 'swp1', 'vlan': None, 'vrf': None, 'ip_address': 'fc00:10:0:2::1/64', 'ip_gateway': None, 'enabled': 'True'}, {'interface': 'swp2', 'vlan': None, 'vrf': None, 'ip_address': 'fc00:10:0:3::1/64', 'ip_gateway': None, 'enabled': 'True'}], 'leaf13': [{'interface': 'Management1', 'vlan': None, 'vrf': 'mgmt', 'ip_address': '169.254.255.64/24', 'ip_gateway': '169.254.255.1', 'enabled': 'True'}, {'interface': 'Ethernet1', 'vlan': None, 'vrf': None, 'ip_address': 'fc00:10:0:4::1/64', 'ip_gateway': None, 'enabled': 'True'}, {'interface': 'Ethernet2', 'vlan': None, 'vrf': None, 'ip_address': 'fc00:10:0:5::1/64', 'ip_gateway': None, 'enabled': 'True'}], 'leaf14': [{'interface': 'Management1', 'vlan': None, 'vrf': 'mgmt', 'ip_address': '169.254.255.164/24', 'ip_gateway': '169.254.255.1', 'enabled': 'True'}, {'interface': 'Ethernet1', 'vlan': None, 'vrf': None, 'ip_address': 'fc00:10:0:6::1/64', 'ip_gateway': None, 'enabled': 'True'}, {'interface': 'Ethernet2', 'vlan': None, 'vrf': None, 'ip_address': 'fc00:10:0:7::1/64', 'ip_gateway': None, 'enabled': 'True'}], 'spine1': [{'interface': 'Management1', 'vlan': None, 'vrf': 'mgmt', 'ip_address': '169.254.255.165/24', 'ip_gateway': '169.254.255.1', 'enabled': 'True'}, {'interface': 'swp1', 'vlan': None, 'vrf': None, 'ip_address': 'fc00:10:0:0::2/64', 'ip_gateway': None, 'enabled': 'True'}, {'interface': 'swp2', 'vlan': None, 'vrf': None, 'ip_address': 'fc00:10:0:2::2/64', 'ip_gateway': None, 'enabled': 'True'}, {'interface': 'swp3', 'vlan': None, 'vrf': None, 'ip_address': 'fc00:10:0:4::2/64', 'ip_gateway': None, 'enabled': 'True'}, {'interface': 'swp4', 'vlan': None, 'vrf': None, 'ip_address': 'fc00:10:0:6::2/64', 'ip_gateway': None, 'enabled': 'True'}, {'interface': 'swp5', 'vlan': None, 'vrf': None, 'ip_address': 'fc00:10:0:8::2/64', 'ip_gateway': None, 'enabled': 'True'}, {'interface': 'swp6', 'vlan': None, 'vrf': None, 'ip_address': 'fc00:10:0:10::2/64', 'ip_gateway': None, 'enabled': 'True'}], 'spine2': [{'interface': 'Management1', 'vlan': None, 'vrf': 'mgmt', 'ip_address': '169.254.255.166/24', 'ip_gateway': '169.254.255.1', 'enabled': 'True'}, {'interface': 'swp1', 'vlan': None, 'vrf': None, 'ip_address': 'fc00:10:0:1::2/64', 'ip_gateway': None, 'enabled': 'True'}, {'interface': 'swp2', 'vlan': None, 'vrf': None, 'ip_address': 'fc00:10:0:3::2/64', 'ip_gateway': None, 'enabled': 'True'}, {'interface': 'swp3', 'vlan': None, 'vrf': None, 'ip_address': 'fc00:10:0:5::2/64', 'ip_gateway': None, 'enabled': 'True'}, {'interface': 'swp4', 'vlan': None, 'vrf': None, 'ip_address': 'fc00:10:0:7::2/64', 'ip_gateway': None, 'enabled': 'True'}, {'interface': 'swp5', 'vlan': None, 'vrf': None, 'ip_address': 'fc00:10:0:9::2/64', 'ip_gateway': None, 'enabled': 'True'}, {'interface': 'swp6', 'vlan': None, 'vrf': None, 'ip_address': 'fc00:10:0:11::2/64', 'ip_gateway': None, 'enabled': 'True'}], 'border1': [{'interface': 'Management1', 'vlan': None, 'vrf': 'mgmt', 'ip_address': '169.254.255.167/24', 'ip_gateway': '169.254.255.1', 'enabled': 'True'}, {'interface': 'swp1', 'vlan': None, 'vrf': None, 'ip_address': 'fc00:10:0:8::1/64', 'ip_gateway': None, 'enabled': 'True'}, {'interface': 'swp2', 'vlan': None, 'vrf': None, 'ip_address': 'fc00:10:0:9::1/64', 'ip_gateway': None, 'enabled': 'True'}], 'border2': [{'interface': 'Management1', 'vlan': None, 'vrf': 'mgmt', 'ip_address': '169.254.255.168/24', 'ip_gateway': '169.254.255.1', 'enabled': 'True'}, {'interface': 'swp1', 'vlan': None, 'vrf': None, 'ip_address': 'fc00:10:0:10::1/64', 'ip_gateway': None, 'enabled': 'True'}, {'interface': 'swp2', 'vlan': None, 'vrf': None, 'ip_address': 'fc00:10:0:11::1/64', 'ip_gateway': None, 'enabled': 'True'}]}} on 8 hosts
2021-02-06 02:18:14,941 - nornir.core.task -    ERROR -      start() - Host 'leaf14': task 'prepare_config' failed with traceback:
Traceback (most recent call last):
  File "/home/saby/tcpip/nornir/Nornir_class/venv/lib/python3.8/site-packages/nornir/core/task.py", line 98, in start
    r = self.task(self, **self.params)
  File "main.py", line 21, in prepare_config
    active_template = jinja2.Template(f.read())
  File "/home/saby/tcpip/nornir/Nornir_class/venv/lib/python3.8/site-packages/jinja2/environment.py", line 1031, in __new__
    return env.from_string(source, template_class=cls)
  File "/home/saby/tcpip/nornir/Nornir_class/venv/lib/python3.8/site-packages/jinja2/environment.py", line 941, in from_string
    return cls.from_code(self, self.compile(source), globals, None)
  File "/home/saby/tcpip/nornir/Nornir_class/venv/lib/python3.8/site-packages/jinja2/environment.py", line 638, in compile
    self.handle_exception(source=source_hint)
  File "/home/saby/tcpip/nornir/Nornir_class/venv/lib/python3.8/site-packages/jinja2/environment.py", line 832, in handle_exception
    reraise(*rewrite_traceback_stack(source=source))
  File "/home/saby/tcpip/nornir/Nornir_class/venv/lib/python3.8/site-packages/jinja2/_compat.py", line 28, in reraise
    raise value.with_traceback(tb)
  File "<unknown>", line 16, in template
jinja2.exceptions.TemplateSyntaxError: Encountered unknown tag 'iface'. Jinja was looking for the following tags: 'elif' or 'else' or 'endif'. The innermost block that needs to be closed is 'if'.

2021-02-06 02:18:14,950 - nornir.core.task -    ERROR -      start() - Host 'leaf13': task 'prepare_config' failed with traceback:
Traceback (most recent call last):
  File "/home/saby/tcpip/nornir/Nornir_class/venv/lib/python3.8/site-packages/nornir/core/task.py", line 98, in start
    r = self.task(self, **self.params)
  File "main.py", line 21, in prepare_config
    active_template = jinja2.Template(f.read())
  File "/home/saby/tcpip/nornir/Nornir_class/venv/lib/python3.8/site-packages/jinja2/environment.py", line 1031, in __new__
    return env.from_string(source, template_class=cls)
  File "/home/saby/tcpip/nornir/Nornir_class/venv/lib/python3.8/site-packages/jinja2/environment.py", line 941, in from_string
    return cls.from_code(self, self.compile(source), globals, None)
  File "/home/saby/tcpip/nornir/Nornir_class/venv/lib/python3.8/site-packages/jinja2/environment.py", line 638, in compile
    self.handle_exception(source=source_hint)
  File "/home/saby/tcpip/nornir/Nornir_class/venv/lib/python3.8/site-packages/jinja2/environment.py", line 832, in handle_exception
    reraise(*rewrite_traceback_stack(source=source))
  File "/home/saby/tcpip/nornir/Nornir_class/venv/lib/python3.8/site-packages/jinja2/_compat.py", line 28, in reraise
    raise value.with_traceback(tb)
  File "<unknown>", line 16, in template
jinja2.exceptions.TemplateSyntaxError: Encountered unknown tag 'iface'. Jinja was looking for the following tags: 'elif' or 'else' or 'endif'. The innermost block that needs to be closed is 'if'.

2021-02-06 02:18:52,522 -  nornir.core -     INFO -        run() - Running task 'prepare_config' with args {'template_path': './Template', 'arg1': {'leaf11': [{'interface': 'eth0', 'vlan': None, 'vrf': 'mgmt', 'ip_address': '169.254.255.62/24', 'ip_gateway': '169.254.255.1', 'enabled': 'True'}, {'interface': 'swp1', 'vlan': None, 'vrf': None, 'ip_address': 'fc00:10:0:0::1/64', 'ip_gateway': None, 'enabled': 'True'}, {'interface': 'swp2', 'vlan': None, 'vrf': None, 'ip_address': 'fc00:10:0:1::1/64', 'ip_gateway': None, 'enabled': 'True'}], 'leaf12': [{'interface': 'eth0', 'vlan': None, 'vrf': 'mgmt', 'ip_address': '169.254.255.162/24', 'ip_gateway': '169.254.255.1', 'enabled': 'True'}, {'interface': 'swp1', 'vlan': None, 'vrf': None, 'ip_address': 'fc00:10:0:2::1/64', 'ip_gateway': None, 'enabled': 'True'}, {'interface': 'swp2', 'vlan': None, 'vrf': None, 'ip_address': 'fc00:10:0:3::1/64', 'ip_gateway': None, 'enabled': 'True'}], 'leaf13': [{'interface': 'Management1', 'vlan': None, 'vrf': 'mgmt', 'ip_address': '169.254.255.64/24', 'ip_gateway': '169.254.255.1', 'enabled': 'True'}, {'interface': 'Ethernet1', 'vlan': None, 'vrf': None, 'ip_address': 'fc00:10:0:4::1/64', 'ip_gateway': None, 'enabled': 'True'}, {'interface': 'Ethernet2', 'vlan': None, 'vrf': None, 'ip_address': 'fc00:10:0:5::1/64', 'ip_gateway': None, 'enabled': 'True'}], 'leaf14': [{'interface': 'Management1', 'vlan': None, 'vrf': 'mgmt', 'ip_address': '169.254.255.164/24', 'ip_gateway': '169.254.255.1', 'enabled': 'True'}, {'interface': 'Ethernet1', 'vlan': None, 'vrf': None, 'ip_address': 'fc00:10:0:6::1/64', 'ip_gateway': None, 'enabled': 'True'}, {'interface': 'Ethernet2', 'vlan': None, 'vrf': None, 'ip_address': 'fc00:10:0:7::1/64', 'ip_gateway': None, 'enabled': 'True'}], 'spine1': [{'interface': 'Management1', 'vlan': None, 'vrf': 'mgmt', 'ip_address': '169.254.255.165/24', 'ip_gateway': '169.254.255.1', 'enabled': 'True'}, {'interface': 'swp1', 'vlan': None, 'vrf': None, 'ip_address': 'fc00:10:0:0::2/64', 'ip_gateway': None, 'enabled': 'True'}, {'interface': 'swp2', 'vlan': None, 'vrf': None, 'ip_address': 'fc00:10:0:2::2/64', 'ip_gateway': None, 'enabled': 'True'}, {'interface': 'swp3', 'vlan': None, 'vrf': None, 'ip_address': 'fc00:10:0:4::2/64', 'ip_gateway': None, 'enabled': 'True'}, {'interface': 'swp4', 'vlan': None, 'vrf': None, 'ip_address': 'fc00:10:0:6::2/64', 'ip_gateway': None, 'enabled': 'True'}, {'interface': 'swp5', 'vlan': None, 'vrf': None, 'ip_address': 'fc00:10:0:8::2/64', 'ip_gateway': None, 'enabled': 'True'}, {'interface': 'swp6', 'vlan': None, 'vrf': None, 'ip_address': 'fc00:10:0:10::2/64', 'ip_gateway': None, 'enabled': 'True'}], 'spine2': [{'interface': 'Management1', 'vlan': None, 'vrf': 'mgmt', 'ip_address': '169.254.255.166/24', 'ip_gateway': '169.254.255.1', 'enabled': 'True'}, {'interface': 'swp1', 'vlan': None, 'vrf': None, 'ip_address': 'fc00:10:0:1::2/64', 'ip_gateway': None, 'enabled': 'True'}, {'interface': 'swp2', 'vlan': None, 'vrf': None, 'ip_address': 'fc00:10:0:3::2/64', 'ip_gateway': None, 'enabled': 'True'}, {'interface': 'swp3', 'vlan': None, 'vrf': None, 'ip_address': 'fc00:10:0:5::2/64', 'ip_gateway': None, 'enabled': 'True'}, {'interface': 'swp4', 'vlan': None, 'vrf': None, 'ip_address': 'fc00:10:0:7::2/64', 'ip_gateway': None, 'enabled': 'True'}, {'interface': 'swp5', 'vlan': None, 'vrf': None, 'ip_address': 'fc00:10:0:9::2/64', 'ip_gateway': None, 'enabled': 'True'}, {'interface': 'swp6', 'vlan': None, 'vrf': None, 'ip_address': 'fc00:10:0:11::2/64', 'ip_gateway': None, 'enabled': 'True'}], 'border1': [{'interface': 'Management1', 'vlan': None, 'vrf': 'mgmt', 'ip_address': '169.254.255.167/24', 'ip_gateway': '169.254.255.1', 'enabled': 'True'}, {'interface': 'swp1', 'vlan': None, 'vrf': None, 'ip_address': 'fc00:10:0:8::1/64', 'ip_gateway': None, 'enabled': 'True'}, {'interface': 'swp2', 'vlan': None, 'vrf': None, 'ip_address': 'fc00:10:0:9::1/64', 'ip_gateway': None, 'enabled': 'True'}], 'border2': [{'interface': 'Management1', 'vlan': None, 'vrf': 'mgmt', 'ip_address': '169.254.255.168/24', 'ip_gateway': '169.254.255.1', 'enabled': 'True'}, {'interface': 'swp1', 'vlan': None, 'vrf': None, 'ip_address': 'fc00:10:0:10::1/64', 'ip_gateway': None, 'enabled': 'True'}, {'interface': 'swp2', 'vlan': None, 'vrf': None, 'ip_address': 'fc00:10:0:11::1/64', 'ip_gateway': None, 'enabled': 'True'}]}} on 8 hosts
2021-02-06 02:18:52,631 - nornir.core.task -    ERROR -      start() - Host 'leaf14': task 'prepare_config' failed with traceback:
Traceback (most recent call last):
  File "/home/saby/tcpip/nornir/Nornir_class/venv/lib/python3.8/site-packages/nornir/core/task.py", line 98, in start
    r = self.task(self, **self.params)
  File "main.py", line 21, in prepare_config
    active_template = jinja2.Template(f.read())
  File "/home/saby/tcpip/nornir/Nornir_class/venv/lib/python3.8/site-packages/jinja2/environment.py", line 1031, in __new__
    return env.from_string(source, template_class=cls)
  File "/home/saby/tcpip/nornir/Nornir_class/venv/lib/python3.8/site-packages/jinja2/environment.py", line 941, in from_string
    return cls.from_code(self, self.compile(source), globals, None)
  File "/home/saby/tcpip/nornir/Nornir_class/venv/lib/python3.8/site-packages/jinja2/environment.py", line 638, in compile
    self.handle_exception(source=source_hint)
  File "/home/saby/tcpip/nornir/Nornir_class/venv/lib/python3.8/site-packages/jinja2/environment.py", line 832, in handle_exception
    reraise(*rewrite_traceback_stack(source=source))
  File "/home/saby/tcpip/nornir/Nornir_class/venv/lib/python3.8/site-packages/jinja2/_compat.py", line 28, in reraise
    raise value.with_traceback(tb)
  File "<unknown>", line 16, in template
jinja2.exceptions.TemplateSyntaxError: Encountered unknown tag 'iface'. Jinja was looking for the following tags: 'elif' or 'else' or 'endif'. The innermost block that needs to be closed is 'if'.

2021-02-06 02:18:52,634 - nornir.core.task -    ERROR -      start() - Host 'leaf13': task 'prepare_config' failed with traceback:
Traceback (most recent call last):
  File "/home/saby/tcpip/nornir/Nornir_class/venv/lib/python3.8/site-packages/nornir/core/task.py", line 98, in start
    r = self.task(self, **self.params)
  File "main.py", line 21, in prepare_config
    active_template = jinja2.Template(f.read())
  File "/home/saby/tcpip/nornir/Nornir_class/venv/lib/python3.8/site-packages/jinja2/environment.py", line 1031, in __new__
    return env.from_string(source, template_class=cls)
  File "/home/saby/tcpip/nornir/Nornir_class/venv/lib/python3.8/site-packages/jinja2/environment.py", line 941, in from_string
    return cls.from_code(self, self.compile(source), globals, None)
  File "/home/saby/tcpip/nornir/Nornir_class/venv/lib/python3.8/site-packages/jinja2/environment.py", line 638, in compile
    self.handle_exception(source=source_hint)
  File "/home/saby/tcpip/nornir/Nornir_class/venv/lib/python3.8/site-packages/jinja2/environment.py", line 832, in handle_exception
    reraise(*rewrite_traceback_stack(source=source))
  File "/home/saby/tcpip/nornir/Nornir_class/venv/lib/python3.8/site-packages/jinja2/_compat.py", line 28, in reraise
    raise value.with_traceback(tb)
  File "<unknown>", line 16, in template
jinja2.exceptions.TemplateSyntaxError: Encountered unknown tag 'iface'. Jinja was looking for the following tags: 'elif' or 'else' or 'endif'. The innermost block that needs to be closed is 'if'.

2021-02-06 02:19:29,844 -  nornir.core -     INFO -        run() - Running task 'prepare_config' with args {'template_path': './Template', 'arg1': {'leaf11': [{'interface': 'eth0', 'vlan': None, 'vrf': 'mgmt', 'ip_address': '169.254.255.62/24', 'ip_gateway': '169.254.255.1', 'enabled': 'True'}, {'interface': 'swp1', 'vlan': None, 'vrf': None, 'ip_address': 'fc00:10:0:0::1/64', 'ip_gateway': None, 'enabled': 'True'}, {'interface': 'swp2', 'vlan': None, 'vrf': None, 'ip_address': 'fc00:10:0:1::1/64', 'ip_gateway': None, 'enabled': 'True'}], 'leaf12': [{'interface': 'eth0', 'vlan': None, 'vrf': 'mgmt', 'ip_address': '169.254.255.162/24', 'ip_gateway': '169.254.255.1', 'enabled': 'True'}, {'interface': 'swp1', 'vlan': None, 'vrf': None, 'ip_address': 'fc00:10:0:2::1/64', 'ip_gateway': None, 'enabled': 'True'}, {'interface': 'swp2', 'vlan': None, 'vrf': None, 'ip_address': 'fc00:10:0:3::1/64', 'ip_gateway': None, 'enabled': 'True'}], 'leaf13': [{'interface': 'Management1', 'vlan': None, 'vrf': 'mgmt', 'ip_address': '169.254.255.64/24', 'ip_gateway': '169.254.255.1', 'enabled': 'True'}, {'interface': 'Ethernet1', 'vlan': None, 'vrf': None, 'ip_address': 'fc00:10:0:4::1/64', 'ip_gateway': None, 'enabled': 'True'}, {'interface': 'Ethernet2', 'vlan': None, 'vrf': None, 'ip_address': 'fc00:10:0:5::1/64', 'ip_gateway': None, 'enabled': 'True'}], 'leaf14': [{'interface': 'Management1', 'vlan': None, 'vrf': 'mgmt', 'ip_address': '169.254.255.164/24', 'ip_gateway': '169.254.255.1', 'enabled': 'True'}, {'interface': 'Ethernet1', 'vlan': None, 'vrf': None, 'ip_address': 'fc00:10:0:6::1/64', 'ip_gateway': None, 'enabled': 'True'}, {'interface': 'Ethernet2', 'vlan': None, 'vrf': None, 'ip_address': 'fc00:10:0:7::1/64', 'ip_gateway': None, 'enabled': 'True'}], 'spine1': [{'interface': 'Management1', 'vlan': None, 'vrf': 'mgmt', 'ip_address': '169.254.255.165/24', 'ip_gateway': '169.254.255.1', 'enabled': 'True'}, {'interface': 'swp1', 'vlan': None, 'vrf': None, 'ip_address': 'fc00:10:0:0::2/64', 'ip_gateway': None, 'enabled': 'True'}, {'interface': 'swp2', 'vlan': None, 'vrf': None, 'ip_address': 'fc00:10:0:2::2/64', 'ip_gateway': None, 'enabled': 'True'}, {'interface': 'swp3', 'vlan': None, 'vrf': None, 'ip_address': 'fc00:10:0:4::2/64', 'ip_gateway': None, 'enabled': 'True'}, {'interface': 'swp4', 'vlan': None, 'vrf': None, 'ip_address': 'fc00:10:0:6::2/64', 'ip_gateway': None, 'enabled': 'True'}, {'interface': 'swp5', 'vlan': None, 'vrf': None, 'ip_address': 'fc00:10:0:8::2/64', 'ip_gateway': None, 'enabled': 'True'}, {'interface': 'swp6', 'vlan': None, 'vrf': None, 'ip_address': 'fc00:10:0:10::2/64', 'ip_gateway': None, 'enabled': 'True'}], 'spine2': [{'interface': 'Management1', 'vlan': None, 'vrf': 'mgmt', 'ip_address': '169.254.255.166/24', 'ip_gateway': '169.254.255.1', 'enabled': 'True'}, {'interface': 'swp1', 'vlan': None, 'vrf': None, 'ip_address': 'fc00:10:0:1::2/64', 'ip_gateway': None, 'enabled': 'True'}, {'interface': 'swp2', 'vlan': None, 'vrf': None, 'ip_address': 'fc00:10:0:3::2/64', 'ip_gateway': None, 'enabled': 'True'}, {'interface': 'swp3', 'vlan': None, 'vrf': None, 'ip_address': 'fc00:10:0:5::2/64', 'ip_gateway': None, 'enabled': 'True'}, {'interface': 'swp4', 'vlan': None, 'vrf': None, 'ip_address': 'fc00:10:0:7::2/64', 'ip_gateway': None, 'enabled': 'True'}, {'interface': 'swp5', 'vlan': None, 'vrf': None, 'ip_address': 'fc00:10:0:9::2/64', 'ip_gateway': None, 'enabled': 'True'}, {'interface': 'swp6', 'vlan': None, 'vrf': None, 'ip_address': 'fc00:10:0:11::2/64', 'ip_gateway': None, 'enabled': 'True'}], 'border1': [{'interface': 'Management1', 'vlan': None, 'vrf': 'mgmt', 'ip_address': '169.254.255.167/24', 'ip_gateway': '169.254.255.1', 'enabled': 'True'}, {'interface': 'swp1', 'vlan': None, 'vrf': None, 'ip_address': 'fc00:10:0:8::1/64', 'ip_gateway': None, 'enabled': 'True'}, {'interface': 'swp2', 'vlan': None, 'vrf': None, 'ip_address': 'fc00:10:0:9::1/64', 'ip_gateway': None, 'enabled': 'True'}], 'border2': [{'interface': 'Management1', 'vlan': None, 'vrf': 'mgmt', 'ip_address': '169.254.255.168/24', 'ip_gateway': '169.254.255.1', 'enabled': 'True'}, {'interface': 'swp1', 'vlan': None, 'vrf': None, 'ip_address': 'fc00:10:0:10::1/64', 'ip_gateway': None, 'enabled': 'True'}, {'interface': 'swp2', 'vlan': None, 'vrf': None, 'ip_address': 'fc00:10:0:11::1/64', 'ip_gateway': None, 'enabled': 'True'}]}} on 8 hosts
2021-02-06 02:19:29,950 - nornir.core.task -    ERROR -      start() - Host 'leaf14': task 'prepare_config' failed with traceback:
Traceback (most recent call last):
  File "/home/saby/tcpip/nornir/Nornir_class/venv/lib/python3.8/site-packages/nornir/core/task.py", line 98, in start
    r = self.task(self, **self.params)
  File "main.py", line 21, in prepare_config
    active_template = jinja2.Template(f.read())
  File "/home/saby/tcpip/nornir/Nornir_class/venv/lib/python3.8/site-packages/jinja2/environment.py", line 1031, in __new__
    return env.from_string(source, template_class=cls)
  File "/home/saby/tcpip/nornir/Nornir_class/venv/lib/python3.8/site-packages/jinja2/environment.py", line 941, in from_string
    return cls.from_code(self, self.compile(source), globals, None)
  File "/home/saby/tcpip/nornir/Nornir_class/venv/lib/python3.8/site-packages/jinja2/environment.py", line 638, in compile
    self.handle_exception(source=source_hint)
  File "/home/saby/tcpip/nornir/Nornir_class/venv/lib/python3.8/site-packages/jinja2/environment.py", line 832, in handle_exception
    reraise(*rewrite_traceback_stack(source=source))
  File "/home/saby/tcpip/nornir/Nornir_class/venv/lib/python3.8/site-packages/jinja2/_compat.py", line 28, in reraise
    raise value.with_traceback(tb)
  File "<unknown>", line 16, in template
jinja2.exceptions.TemplateSyntaxError: Encountered unknown tag 'iface'. Jinja was looking for the following tags: 'elif' or 'else' or 'endif'. The innermost block that needs to be closed is 'if'.

2021-02-06 02:19:29,952 - nornir.core.task -    ERROR -      start() - Host 'leaf13': task 'prepare_config' failed with traceback:
Traceback (most recent call last):
  File "/home/saby/tcpip/nornir/Nornir_class/venv/lib/python3.8/site-packages/nornir/core/task.py", line 98, in start
    r = self.task(self, **self.params)
  File "main.py", line 21, in prepare_config
    active_template = jinja2.Template(f.read())
  File "/home/saby/tcpip/nornir/Nornir_class/venv/lib/python3.8/site-packages/jinja2/environment.py", line 1031, in __new__
    return env.from_string(source, template_class=cls)
  File "/home/saby/tcpip/nornir/Nornir_class/venv/lib/python3.8/site-packages/jinja2/environment.py", line 941, in from_string
    return cls.from_code(self, self.compile(source), globals, None)
  File "/home/saby/tcpip/nornir/Nornir_class/venv/lib/python3.8/site-packages/jinja2/environment.py", line 638, in compile
    self.handle_exception(source=source_hint)
  File "/home/saby/tcpip/nornir/Nornir_class/venv/lib/python3.8/site-packages/jinja2/environment.py", line 832, in handle_exception
    reraise(*rewrite_traceback_stack(source=source))
  File "/home/saby/tcpip/nornir/Nornir_class/venv/lib/python3.8/site-packages/jinja2/_compat.py", line 28, in reraise
    raise value.with_traceback(tb)
  File "<unknown>", line 16, in template
jinja2.exceptions.TemplateSyntaxError: Encountered unknown tag 'iface'. Jinja was looking for the following tags: 'elif' or 'else' or 'endif'. The innermost block that needs to be closed is 'if'.

2021-02-06 02:23:33,055 -  nornir.core -     INFO -        run() - Running task 'prepare_config' with args {'template_path': './Template', 'arg1': {'leaf11': [{'interface': 'eth0', 'vlan': None, 'vrf': 'mgmt', 'ip_address': '169.254.255.62/24', 'ip_gateway': '169.254.255.1', 'enabled': 'True'}, {'interface': 'swp1', 'vlan': None, 'vrf': None, 'ip_address': 'fc00:10:0:0::1/64', 'ip_gateway': None, 'enabled': 'True'}, {'interface': 'swp2', 'vlan': None, 'vrf': None, 'ip_address': 'fc00:10:0:1::1/64', 'ip_gateway': None, 'enabled': 'True'}], 'leaf12': [{'interface': 'eth0', 'vlan': None, 'vrf': 'mgmt', 'ip_address': '169.254.255.162/24', 'ip_gateway': '169.254.255.1', 'enabled': 'True'}, {'interface': 'swp1', 'vlan': None, 'vrf': None, 'ip_address': 'fc00:10:0:2::1/64', 'ip_gateway': None, 'enabled': 'True'}, {'interface': 'swp2', 'vlan': None, 'vrf': None, 'ip_address': 'fc00:10:0:3::1/64', 'ip_gateway': None, 'enabled': 'True'}], 'leaf13': [{'interface': 'Management1', 'vlan': None, 'vrf': 'mgmt', 'ip_address': '169.254.255.64/24', 'ip_gateway': '169.254.255.1', 'enabled': 'True'}, {'interface': 'Ethernet1', 'vlan': None, 'vrf': None, 'ip_address': 'fc00:10:0:4::1/64', 'ip_gateway': None, 'enabled': 'True'}, {'interface': 'Ethernet2', 'vlan': None, 'vrf': None, 'ip_address': 'fc00:10:0:5::1/64', 'ip_gateway': None, 'enabled': 'True'}], 'leaf14': [{'interface': 'Management1', 'vlan': None, 'vrf': 'mgmt', 'ip_address': '169.254.255.164/24', 'ip_gateway': '169.254.255.1', 'enabled': 'True'}, {'interface': 'Ethernet1', 'vlan': None, 'vrf': None, 'ip_address': 'fc00:10:0:6::1/64', 'ip_gateway': None, 'enabled': 'True'}, {'interface': 'Ethernet2', 'vlan': None, 'vrf': None, 'ip_address': 'fc00:10:0:7::1/64', 'ip_gateway': None, 'enabled': 'True'}], 'spine1': [{'interface': 'Management1', 'vlan': None, 'vrf': 'mgmt', 'ip_address': '169.254.255.165/24', 'ip_gateway': '169.254.255.1', 'enabled': 'True'}, {'interface': 'swp1', 'vlan': None, 'vrf': None, 'ip_address': 'fc00:10:0:0::2/64', 'ip_gateway': None, 'enabled': 'True'}, {'interface': 'swp2', 'vlan': None, 'vrf': None, 'ip_address': 'fc00:10:0:2::2/64', 'ip_gateway': None, 'enabled': 'True'}, {'interface': 'swp3', 'vlan': None, 'vrf': None, 'ip_address': 'fc00:10:0:4::2/64', 'ip_gateway': None, 'enabled': 'True'}, {'interface': 'swp4', 'vlan': None, 'vrf': None, 'ip_address': 'fc00:10:0:6::2/64', 'ip_gateway': None, 'enabled': 'True'}, {'interface': 'swp5', 'vlan': None, 'vrf': None, 'ip_address': 'fc00:10:0:8::2/64', 'ip_gateway': None, 'enabled': 'True'}, {'interface': 'swp6', 'vlan': None, 'vrf': None, 'ip_address': 'fc00:10:0:10::2/64', 'ip_gateway': None, 'enabled': 'True'}], 'spine2': [{'interface': 'Management1', 'vlan': None, 'vrf': 'mgmt', 'ip_address': '169.254.255.166/24', 'ip_gateway': '169.254.255.1', 'enabled': 'True'}, {'interface': 'swp1', 'vlan': None, 'vrf': None, 'ip_address': 'fc00:10:0:1::2/64', 'ip_gateway': None, 'enabled': 'True'}, {'interface': 'swp2', 'vlan': None, 'vrf': None, 'ip_address': 'fc00:10:0:3::2/64', 'ip_gateway': None, 'enabled': 'True'}, {'interface': 'swp3', 'vlan': None, 'vrf': None, 'ip_address': 'fc00:10:0:5::2/64', 'ip_gateway': None, 'enabled': 'True'}, {'interface': 'swp4', 'vlan': None, 'vrf': None, 'ip_address': 'fc00:10:0:7::2/64', 'ip_gateway': None, 'enabled': 'True'}, {'interface': 'swp5', 'vlan': None, 'vrf': None, 'ip_address': 'fc00:10:0:9::2/64', 'ip_gateway': None, 'enabled': 'True'}, {'interface': 'swp6', 'vlan': None, 'vrf': None, 'ip_address': 'fc00:10:0:11::2/64', 'ip_gateway': None, 'enabled': 'True'}], 'border1': [{'interface': 'Management1', 'vlan': None, 'vrf': 'mgmt', 'ip_address': '169.254.255.167/24', 'ip_gateway': '169.254.255.1', 'enabled': 'True'}, {'interface': 'swp1', 'vlan': None, 'vrf': None, 'ip_address': 'fc00:10:0:8::1/64', 'ip_gateway': None, 'enabled': 'True'}, {'interface': 'swp2', 'vlan': None, 'vrf': None, 'ip_address': 'fc00:10:0:9::1/64', 'ip_gateway': None, 'enabled': 'True'}], 'border2': [{'interface': 'Management1', 'vlan': None, 'vrf': 'mgmt', 'ip_address': '169.254.255.168/24', 'ip_gateway': '169.254.255.1', 'enabled': 'True'}, {'interface': 'swp1', 'vlan': None, 'vrf': None, 'ip_address': 'fc00:10:0:10::1/64', 'ip_gateway': None, 'enabled': 'True'}, {'interface': 'swp2', 'vlan': None, 'vrf': None, 'ip_address': 'fc00:10:0:11::1/64', 'ip_gateway': None, 'enabled': 'True'}]}} on 8 hosts
2021-02-06 02:25:01,251 -  nornir.core -     INFO -        run() - Running task 'prepare_config' with args {'template_path': './Template', 'arg1': {'leaf11': [{'interface': 'eth0', 'vlan': None, 'vrf': 'mgmt', 'ip_address': '169.254.255.62/24', 'ip_gateway': '169.254.255.1', 'enabled': 'True'}, {'interface': 'swp1', 'vlan': None, 'vrf': None, 'ip_address': 'fc00:10:0:0::1/64', 'ip_gateway': None, 'enabled': 'True'}, {'interface': 'swp2', 'vlan': None, 'vrf': None, 'ip_address': 'fc00:10:0:1::1/64', 'ip_gateway': None, 'enabled': 'True'}], 'leaf12': [{'interface': 'eth0', 'vlan': None, 'vrf': 'mgmt', 'ip_address': '169.254.255.162/24', 'ip_gateway': '169.254.255.1', 'enabled': 'True'}, {'interface': 'swp1', 'vlan': None, 'vrf': None, 'ip_address': 'fc00:10:0:2::1/64', 'ip_gateway': None, 'enabled': 'True'}, {'interface': 'swp2', 'vlan': None, 'vrf': None, 'ip_address': 'fc00:10:0:3::1/64', 'ip_gateway': None, 'enabled': 'True'}], 'leaf13': [{'interface': 'Management1', 'vlan': None, 'vrf': 'mgmt', 'ip_address': '169.254.255.64/24', 'ip_gateway': '169.254.255.1', 'enabled': 'True'}, {'interface': 'Ethernet1', 'vlan': None, 'vrf': None, 'ip_address': 'fc00:10:0:4::1/64', 'ip_gateway': None, 'enabled': 'True'}, {'interface': 'Ethernet2', 'vlan': None, 'vrf': None, 'ip_address': 'fc00:10:0:5::1/64', 'ip_gateway': None, 'enabled': 'True'}], 'leaf14': [{'interface': 'Management1', 'vlan': None, 'vrf': 'mgmt', 'ip_address': '169.254.255.164/24', 'ip_gateway': '169.254.255.1', 'enabled': 'True'}, {'interface': 'Ethernet1', 'vlan': None, 'vrf': None, 'ip_address': 'fc00:10:0:6::1/64', 'ip_gateway': None, 'enabled': 'True'}, {'interface': 'Ethernet2', 'vlan': None, 'vrf': None, 'ip_address': 'fc00:10:0:7::1/64', 'ip_gateway': None, 'enabled': 'True'}], 'spine1': [{'interface': 'Management1', 'vlan': None, 'vrf': 'mgmt', 'ip_address': '169.254.255.165/24', 'ip_gateway': '169.254.255.1', 'enabled': 'True'}, {'interface': 'swp1', 'vlan': None, 'vrf': None, 'ip_address': 'fc00:10:0:0::2/64', 'ip_gateway': None, 'enabled': 'True'}, {'interface': 'swp2', 'vlan': None, 'vrf': None, 'ip_address': 'fc00:10:0:2::2/64', 'ip_gateway': None, 'enabled': 'True'}, {'interface': 'swp3', 'vlan': None, 'vrf': None, 'ip_address': 'fc00:10:0:4::2/64', 'ip_gateway': None, 'enabled': 'True'}, {'interface': 'swp4', 'vlan': None, 'vrf': None, 'ip_address': 'fc00:10:0:6::2/64', 'ip_gateway': None, 'enabled': 'True'}, {'interface': 'swp5', 'vlan': None, 'vrf': None, 'ip_address': 'fc00:10:0:8::2/64', 'ip_gateway': None, 'enabled': 'True'}, {'interface': 'swp6', 'vlan': None, 'vrf': None, 'ip_address': 'fc00:10:0:10::2/64', 'ip_gateway': None, 'enabled': 'True'}], 'spine2': [{'interface': 'Management1', 'vlan': None, 'vrf': 'mgmt', 'ip_address': '169.254.255.166/24', 'ip_gateway': '169.254.255.1', 'enabled': 'True'}, {'interface': 'swp1', 'vlan': None, 'vrf': None, 'ip_address': 'fc00:10:0:1::2/64', 'ip_gateway': None, 'enabled': 'True'}, {'interface': 'swp2', 'vlan': None, 'vrf': None, 'ip_address': 'fc00:10:0:3::2/64', 'ip_gateway': None, 'enabled': 'True'}, {'interface': 'swp3', 'vlan': None, 'vrf': None, 'ip_address': 'fc00:10:0:5::2/64', 'ip_gateway': None, 'enabled': 'True'}, {'interface': 'swp4', 'vlan': None, 'vrf': None, 'ip_address': 'fc00:10:0:7::2/64', 'ip_gateway': None, 'enabled': 'True'}, {'interface': 'swp5', 'vlan': None, 'vrf': None, 'ip_address': 'fc00:10:0:9::2/64', 'ip_gateway': None, 'enabled': 'True'}, {'interface': 'swp6', 'vlan': None, 'vrf': None, 'ip_address': 'fc00:10:0:11::2/64', 'ip_gateway': None, 'enabled': 'True'}], 'border1': [{'interface': 'Management1', 'vlan': None, 'vrf': 'mgmt', 'ip_address': '169.254.255.167/24', 'ip_gateway': '169.254.255.1', 'enabled': 'True'}, {'interface': 'swp1', 'vlan': None, 'vrf': None, 'ip_address': 'fc00:10:0:8::1/64', 'ip_gateway': None, 'enabled': 'True'}, {'interface': 'swp2', 'vlan': None, 'vrf': None, 'ip_address': 'fc00:10:0:9::1/64', 'ip_gateway': None, 'enabled': 'True'}], 'border2': [{'interface': 'Management1', 'vlan': None, 'vrf': 'mgmt', 'ip_address': '169.254.255.168/24', 'ip_gateway': '169.254.255.1', 'enabled': 'True'}, {'interface': 'swp1', 'vlan': None, 'vrf': None, 'ip_address': 'fc00:10:0:10::1/64', 'ip_gateway': None, 'enabled': 'True'}, {'interface': 'swp2', 'vlan': None, 'vrf': None, 'ip_address': 'fc00:10:0:11::1/64', 'ip_gateway': None, 'enabled': 'True'}]}} on 8 hosts
